1488283718.730024 select(7, [3], [], NULL, NULL) = 1 (in [3])
1488283718.965894 clock_gettime(CLOCK_BOOTTIME, {39189, 395143160}) = 0
1488283718.966121 read(3, "?6O\2522\33Nj\3001X\224\274\366\35\373H?\260\337\10r\205|ufU\333\214\205\243\220"..., 8192) = 940
1488283718.966360 clock_gettime(CLOCK_BOOTTIME, {39189, 395622493}) = 0
1488283718.966440 clock_gettime(CLOCK_BOOTTIME, {39189, 395720746}) = 0
1488283718.966621 select(7, [3], [], NULL, NULL) = 1 (in [3])
1488283719.004059 clock_gettime(CLOCK_BOOTTIME, {39189, 433297358}) = 0
1488283719.004112 read(3, "\362J\214\374\316\251GP\215\\\315\361|;\351\221a\201\366:\372+\rD\272\f\30\273\34\27\t\335"..., 8192) = 44
1488283719.004189 getsockopt(3, SOL_TCP, TCP_NODELAY, [0], [4]) = 0
1488283719.004258 setsockopt(3, SOL_TCP, TCP_NODELAY, [1], 4) = 0
1488283719.004306 getsockname(3, {sa_family=AF_INET, sin_port=htons(46954), sin_addr=inet_addr("192.168.14.8")}, [16]) = 0
1488283719.004364 setsockopt(3, SOL_IP, IP_TOS, [16], 4) = 0
1488283719.004409 ioctl(0, TIOCGWINSZ, {ws_row=27, ws_col=96, ws_xpixel=0, ws_ypixel=0}) = 0
1488283719.004670 clock_gettime(CLOCK_BOOTTIME, {39189, 433909682}) = 0
1488283719.004725 clock_gettime(CLOCK_BOOTTIME, {39189, 433956146}) = 0
1488283719.004764 select(7, [3], [3], NULL, NULL) = 1 (out [3])
1488283719.004827 clock_gettime(CLOCK_BOOTTIME, {39189, 434058241}) = 0
1488283719.004865 write(3, "vVv*\250\235)\337\1\3231*L\23\376\236W\3%n]\371\247l\377\t\363\374\0370\2333"..., 376) = 376
1488283719.005008 clock_gettime(CLOCK_BOOTTIME, {39189, 434241396}) = 0
1488283719.005050 clock_gettime(CLOCK_BOOTTIME, {39189, 434280781}) = 0
1488283719.005087 select(7, [3], [], NULL, NULL) = 1 (in [3])
1488283719.007295 clock_gettime(CLOCK_BOOTTIME, {39189, 436530840}) = 0
1488283719.007344 read(3, "\243\353\303>h\334\206\350\374m%8V\310R\315\355\333\274\303\372Wo\312\245o-0\361\6ve"..., 8192) = 108
1488283719.007428 clock_gettime(CLOCK_BOOTTIME, {39189, 436662998}) = 0
1488283719.007473 clock_gettime(CLOCK_BOOTTIME, {39189, 436704553}) = 0
1488283719.007515 select(7, [3 4], [], NULL, NULL) = 1 (in [3])
1488283719.008310 clock_gettime(CLOCK_BOOTTIME, {39189, 437544737}) = 0
1488283719.008355 read(3, "\231\363\254\267\376L\326=9\322\37)\t\36>\4S\202\276-\272\274\215\f\230\326\236\364KR8\276"..., 8192) = 100
1488283719.008437 clock_gettime(CLOCK_BOOTTIME, {39189, 437670373}) = 0
1488283719.008477 clock_gettime(CLOCK_BOOTTIME, {39189, 437707293}) = 0
1488283719.008514 select(7, [3 4], [5], NULL, NULL) = 1 (out [5])
1488283719.008614 clock_gettime(CLOCK_BOOTTIME, {39189, 437845825}) = 0
1488283719.008652 write(5, "Welcome to Ubuntu 16.04.1 LTS (G"..., 65) = 65
1488283719.009156 clock_gettime(CLOCK_BOOTTIME, {39189, 438389260}) = 0
1488283719.009201 clock_gettime(CLOCK_BOOTTIME, {39189, 438432078}) = 0
1488283719.009240 select(7, [3 4], [], NULL, NULL) = 1 (in [3])
1488283719.009372 clock_gettime(CLOCK_BOOTTIME, {39189, 438603824}) = 0
1488283719.009411 read(3, "\227y\237\252h\30\31\275@_\254\342\24!t\5\200\200\314\303\255\201\277\301V\342#\267\334\260\332\262"..., 8192) = 36
1488283719.009466 clock_gettime(CLOCK_BOOTTIME, {39189, 438698458}) = 0
1488283719.009504 clock_gettime(CLOCK_BOOTTIME, {39189, 438735083}) = 0
1488283719.009575 select(7, [3 4], [5], NULL, NULL) = 1 (out [5])
1488283719.009645 clock_gettime(CLOCK_BOOTTIME, {39189, 438885714}) = 0
1488283719.009714 write(5, "\r\n", 2)   = 2
1488283719.010204 clock_gettime(CLOCK_BOOTTIME, {39189, 439437591}) = 0
1488283719.010248 clock_gettime(CLOCK_BOOTTIME, {39189, 439478832}) = 0
1488283719.010286 select(7, [3 4], [], NULL, NULL) = 1 (in [3])
1488283719.010418 clock_gettime(CLOCK_BOOTTIME, {39189, 439649464}) = 0
1488283719.010457 read(3, "o\210\332\2\200s\205B\1z\344\353!/x\360\256i\315\340\240\263\307Ag\311\221\266\224\326\177\321"..., 8192) = 36
1488283719.010618 clock_gettime(CLOCK_BOOTTIME, {39189, 439851405}) = 0
1488283719.010660 clock_gettime(CLOCK_BOOTTIME, {39189, 439890466}) = 0
1488283719.010697 select(7, [3 4], [5], NULL, NULL) = 1 (out [5])
1488283719.010751 clock_gettime(CLOCK_BOOTTIME, {39189, 439982187}) = 0
1488283719.010915 write(5, "\r\n", 2)   = 2
1488283719.011284 clock_gettime(CLOCK_BOOTTIME, {39189, 440516935}) = 0
1488283719.011327 clock_gettime(CLOCK_BOOTTIME, {39189, 440557833}) = 0
1488283719.011364 select(7, [3 4], [], NULL, NULL) = 1 (in [3])
1488283719.011495 clock_gettime(CLOCK_BOOTTIME, {39189, 440726648}) = 0
1488283719.011533 read(3, "\301c[\320\314\313h\352\177\305\31R\3207\256SD\255\236\21\253\370\34\260\225\353\261\32\335\243\376Y"..., 8192) = 76
1488283719.011671 clock_gettime(CLOCK_BOOTTIME, {39189, 440901056}) = 0
1488283719.011703 clock_gettime(CLOCK_BOOTTIME, {39189, 440932052}) = 0
1488283719.011734 select(7, [3 4], [5], NULL, NULL) = 1 (out [5])
1488283719.011818 clock_gettime(CLOCK_BOOTTIME, {39189, 441046988}) = 0
1488283719.011848 write(5, " * Documentation:  https://help."..., 42) = 42
1488283719.012209 clock_gettime(CLOCK_BOOTTIME, {39189, 441438959}) = 0
1488283719.012244 clock_gettime(CLOCK_BOOTTIME, {39189, 441472402}) = 0
1488283719.012274 select(7, [3 4], [], NULL, NULL) = 1 (in [3])
1488283719.012380 clock_gettime(CLOCK_BOOTTIME, {39189, 441609116}) = 0
1488283719.012411 read(3, "\340G\36\203)\0002MJ\276\321\225\22~\261\234\255\372\367\250\366Z\37\273{\31A:\207\314\204\2"..., 8192) = 36
1488283719.012469 clock_gettime(CLOCK_BOOTTIME, {39189, 441698496}) = 0
1488283719.012500 clock_gettime(CLOCK_BOOTTIME, {39189, 441727672}) = 0
1488283719.012529 select(7, [3 4], [5], NULL, NULL) = 1 (out [5])
1488283719.012619 clock_gettime(CLOCK_BOOTTIME, {39189, 441847893}) = 0
1488283719.012649 write(5, "\r\n", 2)   = 2
1488283719.012933 clock_gettime(CLOCK_BOOTTIME, {39189, 442162998}) = 0
1488283719.012967 clock_gettime(CLOCK_BOOTTIME, {39189, 442195245}) = 0
1488283719.012997 select(7, [3 4], [], NULL, NULL) = 1 (in [3])
1488283719.013528 clock_gettime(CLOCK_BOOTTIME, {39189, 442786574}) = 0
1488283719.013596 read(3, "\345\203\3\322\316\363rRn\345%\241*w%\f\343\6\220\3177\16\3526&\300F<\\\244\237="..., 8192) = 84
1488283719.013642 clock_gettime(CLOCK_BOOTTIME, {39189, 442871238}) = 0
1488283719.013672 clock_gettime(CLOCK_BOOTTIME, {39189, 442900443}) = 0
1488283719.013702 select(7, [3 4], [5], NULL, NULL) = 1 (out [5])
1488283719.013746 clock_gettime(CLOCK_BOOTTIME, {39189, 442974051}) = 0
1488283719.013775 write(5, " * Management:     https://lands"..., 50) = 50
1488283719.014147 clock_gettime(CLOCK_BOOTTIME, {39189, 443377201}) = 0
1488283719.014183 clock_gettime(CLOCK_BOOTTIME, {39189, 443411230}) = 0
1488283719.014213 select(7, [3 4], [], NULL, NULL) = 1 (in [3])
1488283719.014320 clock_gettime(CLOCK_BOOTTIME, {39189, 443548317}) = 0
1488283719.014350 read(3, "-\275\201\31\33\4ts\307k\352\r\345\347\262\5\2543\263\313=P\7\215;k\271;\1\371\272a"..., 8192) = 36
1488283719.014407 clock_gettime(CLOCK_BOOTTIME, {39189, 443636605}) = 0
1488283719.014438 clock_gettime(CLOCK_BOOTTIME, {39189, 443666052}) = 0
1488283719.014468 select(7, [3 4], [5], NULL, NULL) = 1 (out [5])
1488283719.014509 clock_gettime(CLOCK_BOOTTIME, {39189, 443737669}) = 0
1488283719.014638 write(5, "\r\n", 2)   = 2
1488283719.015002 clock_gettime(CLOCK_BOOTTIME, {39189, 444232050}) = 0
1488283719.015092 clock_gettime(CLOCK_BOOTTIME, {39189, 444324510}) = 0
1488283719.015430 select(7, [3 4], [], NULL, NULL) = 1 (in [3])
1488283719.019229 clock_gettime(CLOCK_BOOTTIME, {39189, 448463611}) = 0
1488283719.019275 read(3, "\345q\303\223\343w\262\222\325;r\306t\336,\355\27X\246\365\230\257\312~\352\10\246\252D\370\261\326"..., 8192) = 528
1488283719.019410 clock_gettime(CLOCK_BOOTTIME, {39189, 448642602}) = 0
1488283719.019449 clock_gettime(CLOCK_BOOTTIME, {39189, 448677729}) = 0
1488283719.019483 select(7, [3 4], [5], NULL, NULL) = 2 (in [3], out [5])
1488283719.019577 clock_gettime(CLOCK_BOOTTIME, {39189, 448825721}) = 0
1488283719.019649 write(5, " * Support:        https://ubunt"..., 172) = 172
1488283719.022458 read(3, "3A\222\256\312c\31`\316\16j)^\300\361\336E8\274\271\10\212\36C\277n\263\207\300o.\37"..., 8192) = 36
1488283719.022705 clock_gettime(CLOCK_BOOTTIME, {39189, 451951290}) = 0
1488283719.022787 clock_gettime(CLOCK_BOOTTIME, {39189, 452072638}) = 0
1488283719.022901 select(7, [3 4], [5], NULL, NULL) = 1 (out [5])
1488283719.023008 clock_gettime(CLOCK_BOOTTIME, {39189, 452241876}) = 0
1488283719.023061 write(5, "\r\n", 2)   = 2
1488283719.023161 clock_gettime(CLOCK_BOOTTIME, {39189, 452395587}) = 0
1488283719.023202 clock_gettime(CLOCK_BOOTTIME, {39189, 452432333}) = 0
1488283719.023242 select(7, [3 4], [], NULL, NULL) = 1 (in [3])
1488283719.130070 clock_gettime(CLOCK_BOOTTIME, {39189, 559304652}) = 0
1488283719.130116 read(3, "Mf\316\35\204\373\272%\1\331P\230?iw*\263\310\243\315\234\7\213M\311u\24\236\204G\255\374"..., 8192) = 68
1488283719.130183 clock_gettime(CLOCK_BOOTTIME, {39189, 559415552}) = 0
1488283719.130221 clock_gettime(CLOCK_BOOTTIME, {39189, 559450959}) = 0
1488283719.130257 select(7, [3 4], [5], NULL, NULL) = 1 (out [5])
1488283719.130311 clock_gettime(CLOCK_BOOTTIME, {39189, 559540943}) = 0
1488283719.130345 write(5, "\33]0;whl@ubuntu: ~\7whl@ubuntu:~$ ", 32) = 32
1488283719.130867 clock_gettime(CLOCK_BOOTTIME, {39189, 560100314}) = 0
1488283719.130911 clock_gettime(CLOCK_BOOTTIME, {39189, 560141123}) = 0
1488283719.130948 select(7, [3 4], [], NULL, NULL) = 1 (in [4])
1488283719.940858 clock_gettime(CLOCK_BOOTTIME, {39190, 370109537}) = 0
1488283719.940954 read(4, "l", 16384)   = 1
1488283719.941078 clock_gettime(CLOCK_BOOTTIME, {39190, 370323892}) = 0
1488283719.941203 clock_gettime(CLOCK_BOOTTIME, {39190, 370444873}) = 0
1488283719.941278 select(7, [3 4], [3], NULL, NULL) = 1 (out [3])
1488283719.941384 clock_gettime(CLOCK_BOOTTIME, {39190, 370624824}) = 0
1488283719.941457 write(3, "?\342\253`\353q\32\2445\374\272\276A\2\356\366\34o\325\330n\267\213\253\10\377f=\226\17\226\267"..., 36) = 36
1488283719.941866 clock_gettime(CLOCK_BOOTTIME, {39190, 371102290}) = 0
1488283719.941924 clock_gettime(CLOCK_BOOTTIME, {39190, 371158576}) = 0
1488283719.941976 select(7, [3 4], [], NULL, NULL) = 1 (in [3])
1488283719.942243 clock_gettime(CLOCK_BOOTTIME, {39190, 371479165}) = 0
1488283719.942296 read(3, "X\10\274\263\341\345\2\276\222\304\177O\3237\340\362\315pWC\225wzR\273\373\"\35\21e&\1"..., 8192) = 36
1488283719.942375 clock_gettime(CLOCK_BOOTTIME, {39190, 371611140}) = 0
1488283719.942426 clock_gettime(CLOCK_BOOTTIME, {39190, 371663239}) = 0
1488283719.942491 select(7, [3 4], [5], NULL, NULL) = 1 (out [5])
1488283719.942563 clock_gettime(CLOCK_BOOTTIME, {39190, 371797479}) = 0
1488283719.942660 write(5, "l", 1)      = 1
1488283719.943336 clock_gettime(CLOCK_BOOTTIME, {39190, 372573436}) = 0
1488283719.943395 clock_gettime(CLOCK_BOOTTIME, {39190, 372630369}) = 0
1488283719.943447 select(7, [3 4], [], NULL, NULL) = 1 (in [4])
1488283720.017019 clock_gettime(CLOCK_BOOTTIME, {39190, 446265193}) = 0
1488283720.017085 read(4, "s", 16384)   = 1
1488283720.017141 clock_gettime(CLOCK_BOOTTIME, {39190, 446371723}) = 0
1488283720.017175 clock_gettime(CLOCK_BOOTTIME, {39190, 446403100}) = 0
1488283720.017207 select(7, [3 4], [3], NULL, NULL) = 1 (out [3])
1488283720.017253 clock_gettime(CLOCK_BOOTTIME, {39190, 446481641}) = 0
1488283720.017285 write(3, "E\234\247[\310\214MD\220\5\0068\371&\276\213\3\2\4\310\321\351\243\230\227u$\206\256K\355\274"..., 36) = 36
1488283720.017464 clock_gettime(CLOCK_BOOTTIME, {39190, 446699114}) = 0
1488283720.017513 clock_gettime(CLOCK_BOOTTIME, {39190, 446746188}) = 0
1488283720.017559 select(7, [3 4], [], NULL, NULL) = 1 (in [3])
1488283720.017779 clock_gettime(CLOCK_BOOTTIME, {39190, 447008387}) = 0
1488283720.017811 read(3, "1\357\362\24\302\224\311V+\236@SYp9d\325\247\341\365\374\314\tS\344\245\f\272\352&\372\366"..., 8192) = 36
1488283720.017856 clock_gettime(CLOCK_BOOTTIME, {39190, 447085292}) = 0
1488283720.017886 clock_gettime(CLOCK_BOOTTIME, {39190, 447114483}) = 0
1488283720.017916 select(7, [3 4], [5], NULL, NULL) = 1 (out [5])
1488283720.017959 clock_gettime(CLOCK_BOOTTIME, {39190, 447187753}) = 0
1488283720.017989 write(5, "s", 1)      = 1
1488283720.018466 clock_gettime(CLOCK_BOOTTIME, {39190, 447704888}) = 0
1488283720.018523 clock_gettime(CLOCK_BOOTTIME, {39190, 447756860}) = 0
1488283720.018594 select(7, [3 4], [], NULL, NULL) = 1 (in [4])
1488283720.141231 clock_gettime(CLOCK_BOOTTIME, {39190, 570469175}) = 0
1488283720.141289 read(4, "\r", 16384)  = 1
1488283720.141362 clock_gettime(CLOCK_BOOTTIME, {39190, 570595922}) = 0
1488283720.141407 clock_gettime(CLOCK_BOOTTIME, {39190, 570637683}) = 0
1488283720.141448 select(7, [3 4], [3], NULL, NULL) = 1 (out [3])
1488283720.141508 clock_gettime(CLOCK_BOOTTIME, {39190, 570739020}) = 0
1488283720.141549 write(3, "\266/\206\302{\365\324?5\324;\17\240\214\v2\222\323\243\372\301\305\\kuqh\346\323\34\215\274"..., 36) = 36
1488283720.141803 clock_gettime(CLOCK_BOOTTIME, {39190, 571036663}) = 0
1488283720.141849 clock_gettime(CLOCK_BOOTTIME, {39190, 571079103}) = 0
1488283720.141887 select(7, [3 4], [], NULL, NULL) = 1 (in [3])
1488283720.142088 clock_gettime(CLOCK_BOOTTIME, {39190, 571319438}) = 0
1488283720.142128 read(3, "@\216\227\266\227\234\200a!\202\202I\340\370\376\235\357\367\303\227>^5uD\204\363\275\211\235\376\372"..., 8192) = 36
1488283720.142186 clock_gettime(CLOCK_BOOTTIME, {39190, 571417110}) = 0
1488283720.142224 clock_gettime(CLOCK_BOOTTIME, {39190, 571454418}) = 0
1488283720.142262 select(7, [3 4], [5], NULL, NULL) = 1 (out [5])
1488283720.142316 clock_gettime(CLOCK_BOOTTIME, {39190, 571546969}) = 0
1488283720.142354 write(5, "\r\n", 2)   = 2
1488283720.143527 clock_gettime(CLOCK_BOOTTIME, {39190, 572772601}) = 0
1488283720.143596 clock_gettime(CLOCK_BOOTTIME, {39190, 572827023}) = 0
1488283720.143681 select(7, [3 4], [], NULL, NULL) = 1 (in [3])
1488283720.146168 clock_gettime(CLOCK_BOOTTIME, {39190, 575403691}) = 0
1488283720.146218 read(3, "\243\240Q\224\334#,\333\237\342\317\317\245K\312\27K\332}U\326R>k\253\275|\216\6&o|"..., 8192) = 164
1488283720.146297 clock_gettime(CLOCK_BOOTTIME, {39190, 575531612}) = 0
1488283720.146341 clock_gettime(CLOCK_BOOTTIME, {39190, 575572672}) = 0
1488283720.146383 select(7, [3 4], [5], NULL, NULL) = 1 (out [5])
1488283720.146445 clock_gettime(CLOCK_BOOTTIME, {39190, 575676795}) = 0
1488283720.146485 write(5, "\33[0m\33[01;34mCrazyAss\33[0m  \33[01;3"..., 124) = 124
1488283720.147180 clock_gettime(CLOCK_BOOTTIME, {39190, 576415552}) = 0
1488283720.147232 clock_gettime(CLOCK_BOOTTIME, {39190, 576463868}) = 0
1488283720.147274 select(7, [3 4], [], NULL, NULL) = 1 (in [3])
1488283720.147522 clock_gettime(CLOCK_BOOTTIME, {39190, 576759764}) = 0
1488283720.147573 read(3, "u\f\320\325\275\360\315\16\205L\341 \201\342\201\25\350\20B\36\327\341\23\\Hl\375h\277\210\236s"..., 8192) = 36
1488283720.147668 clock_gettime(CLOCK_BOOTTIME, {39190, 576904844}) = 0
1488283720.147715 clock_gettime(CLOCK_BOOTTIME, {39190, 576946311}) = 0
1488283720.147755 select(7, [3 4], [5], NULL, NULL) = 1 (out [5])
1488283720.147814 clock_gettime(CLOCK_BOOTTIME, {39190, 577046256}) = 0
1488283720.147854 write(5, "\r\n", 2)   = 2
1488283720.148281 clock_gettime(CLOCK_BOOTTIME, {39190, 577514552}) = 0
1488283720.148327 clock_gettime(CLOCK_BOOTTIME, {39190, 577558544}) = 0
1488283720.148367 select(7, [3 4], [], NULL, NULL) = 1 (in [3])
1488283720.149816 clock_gettime(CLOCK_BOOTTIME, {39190, 579051530}) = 0
1488283720.149867 read(3, "\264\0237\"\333\267\243\332\17.$\310\257l\317\t\252\2005!\f\201!\266\222\274\344\323\300;\"T"..., 8192) = 68
1488283720.149941 clock_gettime(CLOCK_BOOTTIME, {39190, 579175139}) = 0
1488283720.149985 clock_gettime(CLOCK_BOOTTIME, {39190, 579216436}) = 0
1488283720.150026 select(7, [3 4], [5], NULL, NULL) = 1 (out [5])
1488283720.150085 clock_gettime(CLOCK_BOOTTIME, {39190, 579316433}) = 0
1488283720.150125 write(5, "\33]0;whl@ubuntu: ~\7whl@ubuntu:~$ ", 32) = 32
1488283720.150648 clock_gettime(CLOCK_BOOTTIME, {39190, 579889978}) = 0
1488283720.150705 clock_gettime(CLOCK_BOOTTIME, {39190, 579937976}) = 0
1488283720.151215 select(7, [3 4], [], NULL, NULL) = 1 (in [4])
1488283720.849090 clock_gettime(CLOCK_BOOTTIME, {39191, 278340882}) = 0
1488283720.849188 read(4, "d", 16384)   = 1
1488283720.849312 clock_gettime(CLOCK_BOOTTIME, {39191, 278556500}) = 0
1488283720.849387 clock_gettime(CLOCK_BOOTTIME, {39191, 278626028}) = 0
1488283720.849494 select(7, [3 4], [3], NULL, NULL) = 1 (out [3])
1488283720.849602 clock_gettime(CLOCK_BOOTTIME, {39191, 278841902}) = 0
1488283720.849673 write(3, "jq\314?k\361\323}\376\366'Di\317\246p\257B$t\33G\357\333\316\365\4\320!\21\377P"..., 36) = 36
1488283720.850229 clock_gettime(CLOCK_BOOTTIME, {39191, 279470799}) = 0
1488283720.850303 clock_gettime(CLOCK_BOOTTIME, {39191, 279542222}) = 0
1488283720.850372 select(7, [3 4], [], NULL, NULL) = 1 (in [3])
1488283720.850469 clock_gettime(CLOCK_BOOTTIME, {39191, 279708377}) = 0
1488283720.850537 read(3, "<\0332$\335\272\221\316E+\376?\277uF\16\200\316\232\257\20\34\354\1\27\37\275cNZ\311\371"..., 8192) = 36
1488283720.850637 clock_gettime(CLOCK_BOOTTIME, {39191, 279878064}) = 0
1488283720.850779 clock_gettime(CLOCK_BOOTTIME, {39191, 280018741}) = 0
1488283720.850852 select(7, [3 4], [5], NULL, NULL) = 1 (out [5])
1488283720.850949 clock_gettime(CLOCK_BOOTTIME, {39191, 280188459}) = 0
1488283720.851015 write(5, "d", 1)      = 1
1488283720.851978 clock_gettime(CLOCK_BOOTTIME, {39191, 281220527}) = 0
1488283720.852057 clock_gettime(CLOCK_BOOTTIME, {39191, 281296280}) = 0
1488283720.852125 select(7, [3 4], [], NULL, NULL) = 1 (in [4])
1488283720.981811 clock_gettime(CLOCK_BOOTTIME, {39191, 411059687}) = 0
1488283720.981911 read(4, "i", 16384)   = 1
1488283720.982011 clock_gettime(CLOCK_BOOTTIME, {39191, 411245597}) = 0
1488283720.982058 clock_gettime(CLOCK_BOOTTIME, {39191, 411289246}) = 0
1488283720.982101 select(7, [3 4], [3], NULL, NULL) = 1 (out [3])
1488283720.982165 clock_gettime(CLOCK_BOOTTIME, {39191, 411396783}) = 0
1488283720.982208 write(3, "\226`\32v#\263\30N\332\35\213\225Ul\350\372\23\250\37\327\257&\361R\10\273\2570\22\16B\205"..., 36) = 36
1488283720.982580 clock_gettime(CLOCK_BOOTTIME, {39191, 411822630}) = 0
1488283720.982650 clock_gettime(CLOCK_BOOTTIME, {39191, 411888346}) = 0
1488283720.982779 select(7, [3 4], [], NULL, NULL) = 1 (in [3])
1488283720.982880 clock_gettime(CLOCK_BOOTTIME, {39191, 412119771}) = 0
1488283720.982933 read(3, "}\332\320\3523DO@O\235\200E\313\360\232\31_M\230\23\262|\301\300\343\250\5F\334X\363$"..., 8192) = 36
1488283720.982997 clock_gettime(CLOCK_BOOTTIME, {39191, 412229133}) = 0
1488283720.983038 clock_gettime(CLOCK_BOOTTIME, {39191, 412269406}) = 0
1488283720.983079 select(7, [3 4], [5], NULL, NULL) = 1 (out [5])
1488283720.983137 clock_gettime(CLOCK_BOOTTIME, {39191, 412368368}) = 0
1488283720.983178 write(5, "i", 1)      = 1
1488283720.983844 clock_gettime(CLOCK_BOOTTIME, {39191, 413087941}) = 0
1488283720.983919 clock_gettime(CLOCK_BOOTTIME, {39191, 413158680}) = 0
1488283720.983987 select(7, [3 4], [], NULL, NULL) = 1 (in [4])
1488283721.170813 clock_gettime(CLOCK_BOOTTIME, {39191, 600048826}) = 0
1488283721.170867 read(4, "r", 16384)   = 1
1488283721.170933 clock_gettime(CLOCK_BOOTTIME, {39191, 600165893}) = 0
1488283721.171065 clock_gettime(CLOCK_BOOTTIME, {39191, 600295164}) = 0
1488283721.171105 select(7, [3 4], [3], NULL, NULL) = 1 (out [3])
1488283721.171167 clock_gettime(CLOCK_BOOTTIME, {39191, 600395883}) = 0
1488283721.171201 write(3, "\2570\244n\366}c\357\330`\32\nx\254*:\353Z+-\2554\33\306\315<\311\250H\271\373\206"..., 36) = 36
1488283721.171439 clock_gettime(CLOCK_BOOTTIME, {39191, 600670507}) = 0
1488283721.171476 clock_gettime(CLOCK_BOOTTIME, {39191, 600704464}) = 0
1488283721.171508 select(7, [3 4], [], NULL, NULL) = 1 (in [3])
1488283721.171554 clock_gettime(CLOCK_BOOTTIME, {39191, 600782538}) = 0
1488283721.171586 read(3, "\344\222z\325\223#\347 \2212\277\315\342\233q\272\367\224\316\310a\r\"\267`\213\20\f\3504\275\322"..., 8192) = 36
1488283721.171633 clock_gettime(CLOCK_BOOTTIME, {39191, 600862873}) = 0
1488283721.171665 clock_gettime(CLOCK_BOOTTIME, {39191, 600893915}) = 0
1488283721.171697 select(7, [3 4], [5], NULL, NULL) = 1 (out [5])
1488283721.171838 clock_gettime(CLOCK_BOOTTIME, {39191, 601066462}) = 0
1488283721.171868 write(5, "r", 1)      = 1
1488283721.172263 clock_gettime(CLOCK_BOOTTIME, {39191, 601492977}) = 0
1488283721.172300 clock_gettime(CLOCK_BOOTTIME, {39191, 601528581}) = 0
1488283721.172350 select(7, [3 4], [], NULL, NULL) = 1 (in [4])
1488283721.413795 clock_gettime(CLOCK_BOOTTIME, {39191, 843036136}) = 0
1488283721.413852 read(4, "\r", 16384)  = 1
1488283721.413915 clock_gettime(CLOCK_BOOTTIME, {39191, 843146783}) = 0
1488283721.413952 clock_gettime(CLOCK_BOOTTIME, {39191, 843181016}) = 0
1488283721.414018 select(7, [3 4], [3], NULL, NULL) = 1 (out [3])
1488283721.414075 clock_gettime(CLOCK_BOOTTIME, {39191, 843304625}) = 0
1488283721.414109 write(3, "`\210\177\256`r\10e\370C\367\304\33\364\245$N\223Ks\200<Z\244\245\376\201\244\336/k\23"..., 36) = 36
1488283721.414863 clock_gettime(CLOCK_BOOTTIME, {39191, 844095105}) = 0
1488283721.414905 clock_gettime(CLOCK_BOOTTIME, {39191, 844135199}) = 0
1488283721.414942 select(7, [3 4], [], NULL, NULL) = 1 (in [3])
1488283721.414995 clock_gettime(CLOCK_BOOTTIME, {39191, 844224176}) = 0
1488283721.415030 read(3, ";g\253\363\307\326\346Q\23\215U\354  \334py/\266\327L\313\351+=h\270\266\r4\2460"..., 8192) = 36
1488283721.415084 clock_gettime(CLOCK_BOOTTIME, {39191, 844315117}) = 0
1488283721.415132 clock_gettime(CLOCK_BOOTTIME, {39191, 844362986}) = 0
1488283721.415169 select(7, [3 4], [5], NULL, NULL) = 1 (out [5])
1488283721.415219 clock_gettime(CLOCK_BOOTTIME, {39191, 844448682}) = 0
1488283721.415254 write(5, "\r\n", 2)   = 2
1488283721.415872 clock_gettime(CLOCK_BOOTTIME, {39191, 845105726}) = 0
1488283721.415918 clock_gettime(CLOCK_BOOTTIME, {39191, 845147260}) = 0
1488283721.415954 select(7, [3 4], [], NULL, NULL) = 1 (in [3])
1488283721.442788 clock_gettime(CLOCK_BOOTTIME, {39191, 872025057}) = 0
1488283721.442839 read(3, "\"\352\207\0v\273\335CjL\0312<\366\353|d\300mNzk\221M\317\274\372\316\376\260f\227"..., 8192) = 60
1488283721.442902 clock_gettime(CLOCK_BOOTTIME, {39191, 872133881}) = 0
1488283721.442939 clock_gettime(CLOCK_BOOTTIME, {39191, 872168246}) = 0
1488283721.442973 select(7, [3 4], [5], NULL, NULL) = 1 (out [5])
1488283721.443025 clock_gettime(CLOCK_BOOTTIME, {39191, 872255049}) = 0
1488283721.443058 write(5, "CrazyAss  CrazyAss.bak", 22) = 22
1488283721.443629 clock_gettime(CLOCK_BOOTTIME, {39191, 872861844}) = 0
1488283721.443673 clock_gettime(CLOCK_BOOTTIME, {39191, 872902361}) = 0
1488283721.443707 select(7, [3 4], [], NULL, NULL) = 1 (in [3])
1488283721.443922 clock_gettime(CLOCK_BOOTTIME, {39191, 873151620}) = 0
1488283721.443955 read(3, "\0169\324\33\345X\256\213T\252.)+\276\203\17$?\200\371\313\313\243\313'\227\234\213\327\1\277W"..., 8192) = 36
1488283721.444044 clock_gettime(CLOCK_BOOTTIME, {39191, 873274113}) = 0
1488283721.444076 clock_gettime(CLOCK_BOOTTIME, {39191, 873305382}) = 0
1488283721.444108 select(7, [3 4], [5], NULL, NULL) = 1 (out [5])
1488283721.444156 clock_gettime(CLOCK_BOOTTIME, {39191, 873384672}) = 0
1488283721.444187 write(5, "\t", 1)     = 1
1488283721.444553 clock_gettime(CLOCK_BOOTTIME, {39191, 873784021}) = 0
1488283721.444591 clock_gettime(CLOCK_BOOTTIME, {39191, 873819637}) = 0
1488283721.444623 select(7, [3 4], [], NULL, NULL) = 1 (in [3])
1488283721.444822 clock_gettime(CLOCK_BOOTTIME, {39191, 874051980}) = 0
1488283721.444855 read(3, "1\253_\304\316k[A[\270\264\21\374bc\266\360\256\347E\6|e9\245T\204?i\3\306\321"..., 8192) = 60
1488283721.444904 clock_gettime(CLOCK_BOOTTIME, {39191, 874134390}) = 0
1488283721.444936 clock_gettime(CLOCK_BOOTTIME, {39191, 874164815}) = 0
1488283721.444967 select(7, [3 4], [5], NULL, NULL) = 1 (out [5])
1488283721.445011 clock_gettime(CLOCK_BOOTTIME, {39191, 874239980}) = 0
1488283721.445042 write(5, "CrazyAss.zip  CrazyEye", 22) = 22
1488283721.445575 clock_gettime(CLOCK_BOOTTIME, {39191, 874807853}) = 0
1488283721.445620 clock_gettime(CLOCK_BOOTTIME, {39191, 874850711}) = 0
1488283721.445657 select(7, [3 4], [], NULL, NULL) = 1 (in [3])
1488283721.445875 clock_gettime(CLOCK_BOOTTIME, {39191, 875105482}) = 0
1488283721.445909 read(3, "\246\27}\350\337:Uz\264\243\335C\263\216\227@AB4\353\373oN\340\332\240E\177j\235\371\v"..., 8192) = 36
1488283721.445970 clock_gettime(CLOCK_BOOTTIME, {39191, 875237892}) = 0
1488283721.446044 clock_gettime(CLOCK_BOOTTIME, {39191, 875292211}) = 0
1488283721.446098 select(7, [3 4], [5], NULL, NULL) = 1 (out [5])
1488283721.446146 clock_gettime(CLOCK_BOOTTIME, {39191, 875374934}) = 0
1488283721.446178 write(5, "\t", 1)     = 1
1488283721.446537 clock_gettime(CLOCK_BOOTTIME, {39191, 875767148}) = 0
1488283721.446574 clock_gettime(CLOCK_BOOTTIME, {39191, 875802408}) = 0
1488283721.446605 select(7, [3 4], [], NULL, NULL) = 1 (in [3])
1488283721.446763 clock_gettime(CLOCK_BOOTTIME, {39191, 875995236}) = 0
1488283721.446799 read(3, "!\363\345\222\240\34\244\204\266\204\213\274d\2\223\247\246lx\317\247Y\365:\2070;V\362D\200b"..., 8192) = 52
1488283721.446848 clock_gettime(CLOCK_BOOTTIME, {39191, 876076853}) = 0
1488283721.446878 clock_gettime(CLOCK_BOOTTIME, {39191, 876105982}) = 0
1488283721.446908 select(7, [3 4], [5], NULL, NULL) = 1 (out [5])
1488283721.446951 clock_gettime(CLOCK_BOOTTIME, {39191, 876178702}) = 0
1488283721.446980 write(5, "CrazyEye.tgz", 12) = 12
1488283721.447446 clock_gettime(CLOCK_BOOTTIME, {39191, 876677181}) = 0
1488283721.447485 clock_gettime(CLOCK_BOOTTIME, {39191, 876713265}) = 0
1488283721.447517 select(7, [3 4], [], NULL, NULL) = 1 (in [3])
1488283721.447657 clock_gettime(CLOCK_BOOTTIME, {39191, 876885802}) = 0
1488283721.447688 read(3, "\354\322Z\336\343v\0051G\316\4\201\3&\221-\347\307t\211M\25\215\305\27\217K^W\216\342="..., 8192) = 36
1488283721.447782 clock_gettime(CLOCK_BOOTTIME, {39191, 877015583}) = 0
1488283721.447820 clock_gettime(CLOCK_BOOTTIME, {39191, 877047948}) = 0
1488283721.447850 select(7, [3 4], [5], NULL, NULL) = 1 (out [5])
1488283721.447894 clock_gettime(CLOCK_BOOTTIME, {39191, 877122634}) = 0
1488283721.447924 write(5, "\r\n", 2)   = 2
1488283721.448273 clock_gettime(CLOCK_BOOTTIME, {39191, 877503495}) = 0
1488283721.448309 clock_gettime(CLOCK_BOOTTIME, {39191, 877537135}) = 0
1488283721.448339 select(7, [3 4], [], NULL, NULL) = 1 (in [3])
1488283721.448945 clock_gettime(CLOCK_BOOTTIME, {39191, 878174540}) = 0
1488283721.448978 read(3, ";~\261]\337\216\331\2577hV\3760;L\0\263\276O\3142\21o\207\326\"\fi/X\360\223"..., 8192) = 68
1488283721.449027 clock_gettime(CLOCK_BOOTTIME, {39191, 878256850}) = 0
1488283721.449059 clock_gettime(CLOCK_BOOTTIME, {39191, 878287008}) = 0
1488283721.449090 select(7, [3 4], [5], NULL, NULL) = 1 (out [5])
1488283721.449157 clock_gettime(CLOCK_BOOTTIME, {39191, 878385397}) = 0
1488283721.449187 write(5, "\33]0;whl@ubuntu: ~\7whl@ubuntu:~$ ", 32) = 32
1488283721.449661 clock_gettime(CLOCK_BOOTTIME, {39191, 878893008}) = 0
1488283721.449713 clock_gettime(CLOCK_BOOTTIME, {39191, 879017422}) = 0
1488283721.449854 select(7, [3 4], [], NULL, NULL) = 1 (in [4])
1488283723.155083 clock_gettime(CLOCK_BOOTTIME, {39193, 584337673}) = 0
1488283723.155186 read(4, "i", 16384)   = 1
1488283723.155310 clock_gettime(CLOCK_BOOTTIME, {39193, 584554273}) = 0
1488283723.155385 clock_gettime(CLOCK_BOOTTIME, {39193, 584624479}) = 0
1488283723.155456 select(7, [3 4], [3], NULL, NULL) = 1 (out [3])
1488283723.155562 clock_gettime(CLOCK_BOOTTIME, {39193, 584801804}) = 0
1488283723.155632 write(3, "\36\326\6\327\31V\263\364\23\323\351^\16N!\336\325\327\354\350\303\316\205v\3146\320\271\375\20\34 "..., 36) = 36
1488283723.156174 clock_gettime(CLOCK_BOOTTIME, {39193, 585415341}) = 0
1488283723.156250 clock_gettime(CLOCK_BOOTTIME, {39193, 585488147}) = 0
1488283723.156317 select(7, [3 4], [], NULL, NULL) = 1 (in [3])
1488283723.156414 clock_gettime(CLOCK_BOOTTIME, {39193, 585653104}) = 0
1488283723.156482 read(3, "\34\7\246b\5\233~!\270\204r\344\31C\356\375\6la\4\335\376\262\0\342S\212-\356=\305X"..., 8192) = 36
1488283723.156582 clock_gettime(CLOCK_BOOTTIME, {39193, 585823047}) = 0
1488283723.156651 clock_gettime(CLOCK_BOOTTIME, {39193, 585889178}) = 0
1488283723.156718 select(7, [3 4], [5], NULL, NULL) = 1 (out [5])
1488283723.156812 clock_gettime(CLOCK_BOOTTIME, {39193, 586051660}) = 0
1488283723.157005 write(5, "i", 1)      = 1
1488283723.157797 clock_gettime(CLOCK_BOOTTIME, {39193, 587040028}) = 0
1488283723.157938 clock_gettime(CLOCK_BOOTTIME, {39193, 587181051}) = 0
1488283723.158014 select(7, [3 4], [], NULL, NULL) = 1 (in [4])
1488283723.319415 clock_gettime(CLOCK_BOOTTIME, {39193, 748684790}) = 0
1488283723.319552 read(4, "f", 16384)   = 1
1488283723.319717 clock_gettime(CLOCK_BOOTTIME, {39193, 748976701}) = 0
1488283723.319833 clock_gettime(CLOCK_BOOTTIME, {39193, 749140244}) = 0
1488283723.320025 select(7, [3 4], [3], NULL, NULL) = 1 (out [3])
1488283723.320202 clock_gettime(CLOCK_BOOTTIME, {39193, 749459106}) = 0
1488283723.320329 write(3, "O)\354n\232W\267Rr9\207\315@\321\16\32\t\267\214\237F\21\247\322\264?\276\315\rjd\211"..., 36) = 36
1488283723.321007 clock_gettime(CLOCK_BOOTTIME, {39193, 750257882}) = 0
1488283723.321107 clock_gettime(CLOCK_BOOTTIME, {39193, 750354677}) = 0
1488283723.321207 select(7, [3 4], [], NULL, NULL) = 1 (in [3])
1488283723.321369 clock_gettime(CLOCK_BOOTTIME, {39193, 750626738}) = 0
1488283723.321496 read(3, "|\347\267\3\334b\247@*\303O\34\204\240\254yo\256\263u\325\210A[\177\333\334\312:\312Ix"..., 8192) = 36
1488283723.321661 clock_gettime(CLOCK_BOOTTIME, {39193, 750914761}) = 0
1488283723.321775 clock_gettime(CLOCK_BOOTTIME, {39193, 751029913}) = 0
1488283723.321989 select(7, [3 4], [5], NULL, NULL) = 1 (out [5])
1488283723.322173 clock_gettime(CLOCK_BOOTTIME, {39193, 751431092}) = 0
1488283723.322299 write(5, "f", 1)      = 1
1488283723.323410 clock_gettime(CLOCK_BOOTTIME, {39193, 752664025}) = 0
1488283723.323523 clock_gettime(CLOCK_BOOTTIME, {39193, 752772842}) = 0
1488283723.323622 select(7, [3 4], [], NULL, NULL) = 1 (in [4])
1488283723.649360 clock_gettime(CLOCK_BOOTTIME, {39194, 78608397}) = 0
1488283723.649451 read(4, "o", 16384)   = 1
1488283723.649567 clock_gettime(CLOCK_BOOTTIME, {39194, 78810012}) = 0
1488283723.649640 clock_gettime(CLOCK_BOOTTIME, {39194, 78880042}) = 0
1488283723.649712 select(7, [3 4], [3], NULL, NULL) = 1 (out [3])
1488283723.649817 clock_gettime(CLOCK_BOOTTIME, {39194, 79056666}) = 0
1488283723.649888 write(3, "\351\2774\363u\30\220\261~\21\224/K\251\26C\353\214 \10\237\361\306GX\201\262x\250+b\304"..., 36) = 36
1488283723.650436 clock_gettime(CLOCK_BOOTTIME, {39194, 79678216}) = 0
1488283723.650511 clock_gettime(CLOCK_BOOTTIME, {39194, 79749640}) = 0
1488283723.650578 select(7, [3 4], [], NULL, NULL) = 1 (in [3])
1488283723.651277 clock_gettime(CLOCK_BOOTTIME, {39194, 80518451}) = 0
1488283723.651350 read(3, "\270\313\2230`<\266\220]9fr~\216\3363\205\354\206\356\32t\306\266s+\203u\243\v\213\303"..., 8192) = 36
1488283723.651457 clock_gettime(CLOCK_BOOTTIME, {39194, 80698012}) = 0
1488283723.651526 clock_gettime(CLOCK_BOOTTIME, {39194, 80764223}) = 0
1488283723.651593 select(7, [3 4], [5], NULL, NULL) = 1 (out [5])
1488283723.651694 clock_gettime(CLOCK_BOOTTIME, {39194, 80933144}) = 0
1488283723.651761 write(5, "o", 1)      = 1
1488283723.654461 clock_gettime(CLOCK_BOOTTIME, {39194, 83713486}) = 0
1488283723.654567 clock_gettime(CLOCK_BOOTTIME, {39194, 83807195}) = 0
1488283723.654640 select(7, [3 4], [], NULL, NULL) = 1 (in [4])
1488283724.105219 clock_gettime(CLOCK_BOOTTIME, {39194, 534469751}) = 0
1488283724.105314 read(4, "\10", 16384) = 1
1488283724.105473 clock_gettime(CLOCK_BOOTTIME, {39194, 534721742}) = 0
1488283724.105556 clock_gettime(CLOCK_BOOTTIME, {39194, 534795190}) = 0
1488283724.105628 select(7, [3 4], [3], NULL, NULL) = 1 (out [3])
1488283724.105732 clock_gettime(CLOCK_BOOTTIME, {39194, 534972004}) = 0
1488283724.105803 write(3, "m\t~\206\305\5\346p\351\315\27\"$wV\275\325\302\"\332b7\274Ut\207s%\300\230\224\17"..., 36) = 36
1488283724.106383 clock_gettime(CLOCK_BOOTTIME, {39194, 535625427}) = 0
1488283724.106461 clock_gettime(CLOCK_BOOTTIME, {39194, 535700338}) = 0
1488283724.106531 select(7, [3 4], [], NULL, NULL) = 1 (in [3])
1488283724.106629 clock_gettime(CLOCK_BOOTTIME, {39194, 535868257}) = 0
1488283724.106698 read(3, "\265\347\330w\2149\351O\376E\4\243\307\27\251s0\r\262\177N*(S\245w\325=\365\223\3\254"..., 8192) = 44
1488283724.106821 clock_gettime(CLOCK_BOOTTIME, {39194, 536064140}) = 0
1488283724.106893 clock_gettime(CLOCK_BOOTTIME, {39194, 536130942}) = 0
1488283724.107203 select(7, [3 4], [5], NULL, NULL) = 1 (out [5])
1488283724.107341 clock_gettime(CLOCK_BOOTTIME, {39194, 536581467}) = 0
1488283724.107410 write(5, "\10\33[K", 4) = 4
1488283724.108236 clock_gettime(CLOCK_BOOTTIME, {39194, 537478351}) = 0
1488283724.108314 clock_gettime(CLOCK_BOOTTIME, {39194, 537552766}) = 0
1488283724.108381 select(7, [3 4], [], NULL, NULL) = 1 (in [4])
1488283724.198226 clock_gettime(CLOCK_BOOTTIME, {39194, 627472689}) = 0
1488283724.198298 read(4, "c", 16384)   = 1
1488283724.198356 clock_gettime(CLOCK_BOOTTIME, {39194, 627586988}) = 0
1488283724.198390 clock_gettime(CLOCK_BOOTTIME, {39194, 627618033}) = 0
1488283724.198422 select(7, [3 4], [3], NULL, NULL) = 1 (out [3])
1488283724.198480 clock_gettime(CLOCK_BOOTTIME, {39194, 627714731}) = 0
1488283724.198529 write(3, "\376\276\322\261\274\377\230\276L\346\"\r\352\212\364>\216\365\372\22\241&\350\215\206\356\370\212\365%\343{"..., 36) = 36
1488283724.198773 clock_gettime(CLOCK_BOOTTIME, {39194, 628001819}) = 0
1488283724.198806 clock_gettime(CLOCK_BOOTTIME, {39194, 628033507}) = 0
1488283724.198836 select(7, [3 4], [], NULL, NULL) = 1 (in [3])
1488283724.198879 clock_gettime(CLOCK_BOOTTIME, {39194, 628107398}) = 0
1488283724.198909 read(3, "\243\4\216H\37\275\226\200\\\211\257\313\26\307iw\6\375\323\2703\301\344C\376g\260\352V\2,["..., 8192) = 36
1488283724.199050 clock_gettime(CLOCK_BOOTTIME, {39194, 628280483}) = 0
1488283724.199086 clock_gettime(CLOCK_BOOTTIME, {39194, 628314089}) = 0
1488283724.199116 select(7, [3 4], [5], NULL, NULL) = 1 (out [5])
1488283724.199163 clock_gettime(CLOCK_BOOTTIME, {39194, 628391051}) = 0
1488283724.199193 write(5, "c", 1)      = 1
1488283724.199600 clock_gettime(CLOCK_BOOTTIME, {39194, 628838209}) = 0
1488283724.199659 clock_gettime(CLOCK_BOOTTIME, {39194, 628893631}) = 0
1488283724.199710 select(7, [3 4], [], NULL, NULL) = 1 (in [4])
1488283724.316388 clock_gettime(CLOCK_BOOTTIME, {39194, 745631517}) = 0
1488283724.316458 read(4, "o", 16384)   = 1
1488283724.316540 clock_gettime(CLOCK_BOOTTIME, {39194, 745776905}) = 0
1488283724.316597 clock_gettime(CLOCK_BOOTTIME, {39194, 745831962}) = 0
1488283724.316648 select(7, [3 4], [3], NULL, NULL) = 1 (out [3])
1488283724.316720 clock_gettime(CLOCK_BOOTTIME, {39194, 745957145}) = 0
1488283724.316775 write(3, "\345pUu\\\200\374b\333\231L\251P\272\251&\302\363C\32\253\317\302\330jf\3641\306u\272\31"..., 36) = 36
1488283724.316928 clock_gettime(CLOCK_BOOTTIME, {39194, 746228590}) = 0
1488283724.317056 clock_gettime(CLOCK_BOOTTIME, {39194, 746303655}) = 0
1488283724.317288 select(7, [3 4], [], NULL, NULL) = 1 (in [3])
1488283724.317364 clock_gettime(CLOCK_BOOTTIME, {39194, 746594526}) = 0
1488283724.317397 read(3, "\351\331\361\302\370\213\235\235\200\307@7\216\344\210\22u\1\204\214\"'?\203\370\377C\1\273d\356Q"..., 8192) = 36
1488283724.317444 clock_gettime(CLOCK_BOOTTIME, {39194, 746672549}) = 0
1488283724.317473 clock_gettime(CLOCK_BOOTTIME, {39194, 746701411}) = 0
1488283724.317503 select(7, [3 4], [5], NULL, NULL) = 1 (out [5])
1488283724.317545 clock_gettime(CLOCK_BOOTTIME, {39194, 746773362}) = 0
1488283724.317575 write(5, "o", 1)      = 1
1488283724.318009 clock_gettime(CLOCK_BOOTTIME, {39194, 747248060}) = 0
1488283724.318067 clock_gettime(CLOCK_BOOTTIME, {39194, 747302088}) = 0
1488283724.318117 select(7, [3 4], [], NULL, NULL) = 1 (in [4])
1488283724.413143 clock_gettime(CLOCK_BOOTTIME, {39194, 842389276}) = 0
1488283724.413226 read(4, "\t", 16384)  = 1
1488283724.413335 clock_gettime(CLOCK_BOOTTIME, {39194, 842575117}) = 0
1488283724.413399 clock_gettime(CLOCK_BOOTTIME, {39194, 842634568}) = 0
1488283724.413457 select(7, [3 4], [3], NULL, NULL) = 1 (out [3])
1488283724.413542 clock_gettime(CLOCK_BOOTTIME, {39194, 842777812}) = 0
1488283724.413599 write(3, "[\330|\353nNs\226\225\320\332\3254c\vBy{\354gx\214\320\3675<\3710\266\200\347\211"..., 36) = 36
1488283724.417117 clock_gettime(CLOCK_BOOTTIME, {39194, 846359669}) = 0
1488283724.417197 clock_gettime(CLOCK_BOOTTIME, {39194, 846432375}) = 0
1488283724.417255 select(7, [3 4], [], NULL, NULL) = 1 (in [3])
1488283724.417343 clock_gettime(CLOCK_BOOTTIME, {39194, 846600250}) = 0
1488283724.417424 read(3, "}\217\255\370\237\\\266rT[\2537\2666 -)\341Ii\265S;;\277\323\244\321w\365\23\267"..., 8192) = 44
1488283724.417511 clock_gettime(CLOCK_BOOTTIME, {39194, 846747226}) = 0
1488283724.417566 clock_gettime(CLOCK_BOOTTIME, {39194, 846800467}) = 0
1488283724.417619 select(7, [3 4], [5], NULL, NULL) = 1 (out [5])
1488283724.417697 clock_gettime(CLOCK_BOOTTIME, {39194, 846931744}) = 0
1488283724.417751 write(5, "nfig ", 5)  = 5
1488283724.418476 clock_gettime(CLOCK_BOOTTIME, {39194, 847715037}) = 0
1488283724.418542 clock_gettime(CLOCK_BOOTTIME, {39194, 847777432}) = 0
1488283724.418597 select(7, [3 4], [], NULL, NULL) = 1 (in [4])
1488283724.603084 clock_gettime(CLOCK_BOOTTIME, {39195, 32329618}) = 0
1488283724.603151 read(4, "\r", 16384)  = 1
1488283724.603225 clock_gettime(CLOCK_BOOTTIME, {39195, 32458621}) = 0
1488283724.603268 clock_gettime(CLOCK_BOOTTIME, {39195, 32499289}) = 0
1488283724.603309 select(7, [3 4], [3], NULL, NULL) = 1 (out [3])
1488283724.603369 clock_gettime(CLOCK_BOOTTIME, {39195, 32599813}) = 0
1488283724.603408 write(3, "\217SG\222\303\307'\303|\372\216]\255);\324L\3468\350\337\225\310\327M\327\245\300\370\265l>"..., 36) = 36
1488283724.604154 clock_gettime(CLOCK_BOOTTIME, {39195, 33387475}) = 0
1488283724.604201 clock_gettime(CLOCK_BOOTTIME, {39195, 33432879}) = 0
1488283724.604242 select(7, [3 4], [], NULL, NULL) = 1 (in [3])
1488283724.604303 clock_gettime(CLOCK_BOOTTIME, {39195, 33533572}) = 0
1488283724.604341 read(3, "\362\35Q\344\256_\373\375\227-\306\334\201e\211\356Uv\5\25E\34\201\247\222o\206\224\242\300\3\25"..., 8192) = 36
1488283724.604401 clock_gettime(CLOCK_BOOTTIME, {39195, 33632664}) = 0
1488283724.604441 clock_gettime(CLOCK_BOOTTIME, {39195, 33671075}) = 0
1488283724.604479 select(7, [3 4], [5], NULL, NULL) = 1 (out [5])
1488283724.604533 clock_gettime(CLOCK_BOOTTIME, {39195, 33763377}) = 0
1488283724.604571 write(5, "\r\n", 2)   = 2
1488283724.605095 clock_gettime(CLOCK_BOOTTIME, {39195, 34329276}) = 0
1488283724.605144 clock_gettime(CLOCK_BOOTTIME, {39195, 34374812}) = 0
1488283724.605183 select(7, [3 4], [], NULL, NULL) = 1 (in [3])
1488283724.645937 clock_gettime(CLOCK_BOOTTIME, {39195, 75172960}) = 0
1488283724.646093 read(3, "\177\23\307>\32\366\327\366\322\301A\330*Vt\371W\24\6\223Mc\213\207\266mQ\233:\277\327\224"..., 8192) = 92
1488283724.646168 clock_gettime(CLOCK_BOOTTIME, {39195, 75399134}) = 0
1488283724.646204 clock_gettime(CLOCK_BOOTTIME, {39195, 75434403}) = 0
1488283724.646239 select(7, [3 4], [5], NULL, NULL) = 1 (out [5])
1488283724.646294 clock_gettime(CLOCK_BOOTTIME, {39195, 75523231}) = 0
1488283724.646327 write(5, "ens33     Link encap:Ethernet  H"..., 57) = 57
1488283724.646860 clock_gettime(CLOCK_BOOTTIME, {39195, 76091757}) = 0
1488283724.646899 clock_gettime(CLOCK_BOOTTIME, {39195, 76128293}) = 0
1488283724.646932 select(7, [3 4], [], NULL, NULL) = 1 (in [3])
1488283724.647171 clock_gettime(CLOCK_BOOTTIME, {39195, 76401235}) = 0
1488283724.647205 read(3, "\241\260\235\210\303\305q\2160\324\226\317X\22\203\240\17\211\226, \252\314?\266\324\263jb\211e\31"..., 8192) = 36
1488283724.647255 clock_gettime(CLOCK_BOOTTIME, {39195, 76485822}) = 0
1488283724.647288 clock_gettime(CLOCK_BOOTTIME, {39195, 76516721}) = 0
1488283724.647320 select(7, [3 4], [5], NULL, NULL) = 1 (out [5])
1488283724.647366 clock_gettime(CLOCK_BOOTTIME, {39195, 76594938}) = 0
1488283724.647397 write(5, "\r\n", 2)   = 2
1488283724.647720 clock_gettime(CLOCK_BOOTTIME, {39195, 76950044}) = 0
1488283724.647755 clock_gettime(CLOCK_BOOTTIME, {39195, 76984209}) = 0
1488283724.647787 select(7, [3 4], [], NULL, NULL) = 1 (in [3])
1488283724.648025 clock_gettime(CLOCK_BOOTTIME, {39195, 77256362}) = 0
1488283724.648062 read(3, "\3\24I\337\323\214Ne\223\260\361\205 \366%\263\302\227\243\201\206\30y\336\243\305\235\300x\370\320\237"..., 8192) = 108
1488283724.648113 clock_gettime(CLOCK_BOOTTIME, {39195, 77343316}) = 0
1488283724.648145 clock_gettime(CLOCK_BOOTTIME, {39195, 77373704}) = 0
1488283724.648176 select(7, [3 4], [5], NULL, NULL) = 1 (out [5])
1488283724.648237 clock_gettime(CLOCK_BOOTTIME, {39195, 77467068}) = 0
1488283724.648270 write(5, "          inet addr:192.168.14.8"..., 74) = 74
1488283724.648693 clock_gettime(CLOCK_BOOTTIME, {39195, 77924440}) = 0
1488283724.648732 clock_gettime(CLOCK_BOOTTIME, {39195, 77960371}) = 0
1488283724.648764 select(7, [3 4], [], NULL, NULL) = 1 (in [3])
1488283724.648885 clock_gettime(CLOCK_BOOTTIME, {39195, 78113948}) = 0
1488283724.648917 read(3, "\21\327S\216?iJ\305g\331R\27`\357\3675in_M\256U\311+M\"\336a 5\351B"..., 8192) = 36
1488283724.648964 clock_gettime(CLOCK_BOOTTIME, {39195, 78231994}) = 0
1488283724.649038 clock_gettime(CLOCK_BOOTTIME, {39195, 78267314}) = 0
1488283724.649071 select(7, [3 4], [5], NULL, NULL) = 1 (out [5])
1488283724.649124 clock_gettime(CLOCK_BOOTTIME, {39195, 78353188}) = 0
1488283724.649155 write(5, "\r\n", 2)   = 2
1488283724.649597 clock_gettime(CLOCK_BOOTTIME, {39195, 78827265}) = 0
1488283724.649634 clock_gettime(CLOCK_BOOTTIME, {39195, 78862042}) = 0
1488283724.649664 select(7, [3 4], [], NULL, NULL) = 1 (in [3])
1488283724.649901 clock_gettime(CLOCK_BOOTTIME, {39195, 79130177}) = 0
1488283724.649932 read(3, "\0\252\253\377<\373\314\251rs\247N\230[Y]\302d\244(\222Y\210\24\236l\340\307#'\223\5"..., 8192) = 100
1488283724.650001 clock_gettime(CLOCK_BOOTTIME, {39195, 79232838}) = 0
1488283724.650036 clock_gettime(CLOCK_BOOTTIME, {39195, 79263658}) = 0
1488283724.650065 select(7, [3 4], [5], NULL, NULL) = 1 (out [5])
1488283724.650108 clock_gettime(CLOCK_BOOTTIME, {39195, 79336250}) = 0
1488283724.650137 write(5, "          inet6 addr: fe80::20c:"..., 60) = 60
1488283724.650511 clock_gettime(CLOCK_BOOTTIME, {39195, 79740654}) = 0
1488283724.650545 clock_gettime(CLOCK_BOOTTIME, {39195, 79773703}) = 0
1488283724.650576 select(7, [3 4], [], NULL, NULL) = 1 (in [3])
1488283724.650688 clock_gettime(CLOCK_BOOTTIME, {39195, 79916173}) = 0
1488283724.650718 read(3, "\303\347\246\\j&3[U\337\344>\32\237\310k\352\322\362\0\214M<\334\364>\222\354(~<\352"..., 8192) = 36
1488283724.650762 clock_gettime(CLOCK_BOOTTIME, {39195, 79990846}) = 0
1488283724.650792 clock_gettime(CLOCK_BOOTTIME, {39195, 80019538}) = 0
1488283724.650821 select(7, [3 4], [5], NULL, NULL) = 1 (out [5])
1488283724.650861 clock_gettime(CLOCK_BOOTTIME, {39195, 80089525}) = 0
1488283724.650891 write(5, "\r\n", 2)   = 2
1488283724.651233 clock_gettime(CLOCK_BOOTTIME, {39195, 80462611}) = 0
1488283724.651280 clock_gettime(CLOCK_BOOTTIME, {39195, 80509023}) = 0
1488283724.651312 select(7, [3 4], [], NULL, NULL) = 1 (in [3])
1488283724.651472 clock_gettime(CLOCK_BOOTTIME, {39195, 80700666}) = 0
1488283724.651503 read(3, "\22\6\1q\32v?\324\267\345\272\313k\221'_V\320\17\253\236\226k4\237k\207\275c\271 r"..., 8192) = 100
1488283724.651547 clock_gettime(CLOCK_BOOTTIME, {39195, 80776593}) = 0
1488283724.651578 clock_gettime(CLOCK_BOOTTIME, {39195, 80805559}) = 0
1488283724.651607 select(7, [3 4], [5], NULL, NULL) = 1 (out [5])
1488283724.651649 clock_gettime(CLOCK_BOOTTIME, {39195, 80876668}) = 0
1488283724.651678 write(5, "          UP BROADCAST RUNNING M"..., 60) = 60
1488283724.652071 clock_gettime(CLOCK_BOOTTIME, {39195, 81300376}) = 0
1488283724.652105 clock_gettime(CLOCK_BOOTTIME, {39195, 81333340}) = 0
1488283724.652135 select(7, [3 4], [], NULL, NULL) = 1 (in [3])
1488283724.652245 clock_gettime(CLOCK_BOOTTIME, {39195, 81473418}) = 0
1488283724.652275 read(3, "\23K\367\364\260<_\262\253kR\344\227\3S\231\3628f\354n\340\v\"\361UVv\342?\35U"..., 8192) = 36
1488283724.652331 clock_gettime(CLOCK_BOOTTIME, {39195, 81560306}) = 0
1488283724.652361 clock_gettime(CLOCK_BOOTTIME, {39195, 81589410}) = 0
1488283724.652391 select(7, [3 4], [5], NULL, NULL) = 1 (out [5])
1488283724.652432 clock_gettime(CLOCK_BOOTTIME, {39195, 81660169}) = 0
1488283724.652462 write(5, "\r\n", 2)   = 2
1488283724.652841 clock_gettime(CLOCK_BOOTTIME, {39195, 82071242}) = 0
1488283724.652876 clock_gettime(CLOCK_BOOTTIME, {39195, 82104171}) = 0
1488283724.652906 select(7, [3 4], [], NULL, NULL) = 1 (in [3])
1488283724.653061 clock_gettime(CLOCK_BOOTTIME, {39195, 82289757}) = 0
1488283724.653110 read(3, ",\f*\200?\376\233v\6\224\310\205\370\365\355\23\305\177]\252\302\234\177\317&g\16s\342\357\374\255"..., 8192) = 100
1488283724.653170 clock_gettime(CLOCK_BOOTTIME, {39195, 82399403}) = 0
1488283724.653201 clock_gettime(CLOCK_BOOTTIME, {39195, 82428759}) = 0
1488283724.653314 select(7, [3 4], [5], NULL, NULL) = 1 (out [5])
1488283724.653402 clock_gettime(CLOCK_BOOTTIME, {39195, 82638662}) = 0
1488283724.653451 write(5, "          RX packets:615016 erro"..., 65) = 65
1488283724.653920 clock_gettime(CLOCK_BOOTTIME, {39195, 83150652}) = 0
1488283724.653957 clock_gettime(CLOCK_BOOTTIME, {39195, 83236079}) = 0
1488283724.654054 select(7, [3 4], [], NULL, NULL) = 1 (in [3])
1488283724.654176 clock_gettime(CLOCK_BOOTTIME, {39195, 83404846}) = 0
1488283724.654248 read(3, "e\"\353\304\261\207p\307/X\206\214\236\223W\342Z\177%X\233\222\221\2(\363\3300\244\245\225\""..., 8192) = 36
1488283724.654453 clock_gettime(CLOCK_BOOTTIME, {39195, 83694466}) = 0
1488283724.654797 clock_gettime(CLOCK_BOOTTIME, {39195, 84039494}) = 0
1488283724.655585 select(7, [3 4], [5], NULL, NULL) = 2 (in [3], out [5])
1488283724.656127 clock_gettime(CLOCK_BOOTTIME, {39195, 85370473}) = 0
1488283724.657080 write(5, "\r\n", 2)   = 2
1488283724.657585 read(3, "\270\270%\373\305x\301X\263\255IR\354\241\335\20\366\300M{\n\207Z\247MJ\311wo\25G\273"..., 8192) = 632
1488283724.657762 clock_gettime(CLOCK_BOOTTIME, {39195, 87003912}) = 0
1488283724.657829 clock_gettime(CLOCK_BOOTTIME, {39195, 87066538}) = 0
1488283724.657891 select(7, [3 4], [5], NULL, NULL) = 2 (in [3], out [5])
1488283724.658006 clock_gettime(CLOCK_BOOTTIME, {39195, 87246511}) = 0
1488283724.658071 write(5, "          TX packets:227606 erro"..., 268) = 268
1488283724.658593 read(3, "\3030T<\263\334\351\340\222\3163Y%\312\326\341t\235\341\337\230\25\365)\376e7*\2464\224\203"..., 8192) = 892
1488283724.658741 clock_gettime(CLOCK_BOOTTIME, {39195, 87981562}) = 0
1488283724.658803 clock_gettime(CLOCK_BOOTTIME, {39195, 88039517}) = 0
1488283724.658860 select(7, [3 4], [5], NULL, NULL) = 1 (out [5])
1488283724.658936 clock_gettime(CLOCK_BOOTTIME, {39195, 88170534}) = 0
1488283724.659171 write(5, "\r\n          inet6 addr: ::1/128 "..., 360) = 360
1488283724.659520 clock_gettime(CLOCK_BOOTTIME, {39195, 88751380}) = 0
1488283724.659558 clock_gettime(CLOCK_BOOTTIME, {39195, 88787645}) = 0
1488283724.659592 select(7, [3 4], [], NULL, NULL) = 1 (in [4])
1488283725.765227 clock_gettime(CLOCK_BOOTTIME, {39196, 194474262}) = 0
1488283725.765316 read(4, "e", 16384)   = 1
1488283725.765499 clock_gettime(CLOCK_BOOTTIME, {39196, 194741834}) = 0
1488283725.765570 clock_gettime(CLOCK_BOOTTIME, {39196, 194808371}) = 0
1488283725.765638 select(7, [3 4], [3], NULL, NULL) = 1 (out [3])
1488283725.765736 clock_gettime(CLOCK_BOOTTIME, {39196, 194974941}) = 0
1488283725.765804 write(3, " \337E8\326v\344ti\230\216XZv\367\344\202\t\266\367#N/\220\274-pj\217\333V\224"..., 36) = 36
1488283725.766404 clock_gettime(CLOCK_BOOTTIME, {39196, 195645654}) = 0
1488283725.766480 clock_gettime(CLOCK_BOOTTIME, {39196, 195718641}) = 0
1488283725.766547 select(7, [3 4], [], NULL, NULL) = 1 (in [3])
1488283725.766642 clock_gettime(CLOCK_BOOTTIME, {39196, 195880435}) = 0
1488283725.766708 read(3, "\355}\331\307~\16;\200]%$\315K\256\366\"\"|\200\375\230'\230\333\243cu\230\363\326\201$"..., 8192) = 36
1488283725.766806 clock_gettime(CLOCK_BOOTTIME, {39196, 196046505}) = 0
1488283725.766874 clock_gettime(CLOCK_BOOTTIME, {39196, 196112115}) = 0
1488283725.766940 select(7, [3 4], [5], NULL, NULL) = 1 (out [5])
1488283725.767032 clock_gettime(CLOCK_BOOTTIME, {39196, 196481900}) = 0
1488283725.767340 write(5, "e", 1)      = 1
1488283725.768124 clock_gettime(CLOCK_BOOTTIME, {39196, 197373156}) = 0
1488283725.768209 clock_gettime(CLOCK_BOOTTIME, {39196, 197448303}) = 0
1488283725.768278 select(7, [3 4], [], NULL, NULL) = 1 (in [4])
1488283726.115510 clock_gettime(CLOCK_BOOTTIME, {39196, 544759683}) = 0
1488283726.115600 read(4, "x", 16384)   = 1
1488283726.115717 clock_gettime(CLOCK_BOOTTIME, {39196, 544961289}) = 0
1488283726.115825 clock_gettime(CLOCK_BOOTTIME, {39196, 545066524}) = 0
1488283726.115900 select(7, [3 4], [3], NULL, NULL) = 1 (out [3])
1488283726.116002 clock_gettime(CLOCK_BOOTTIME, {39196, 545241228}) = 0
1488283726.116071 write(3, "gF\314\274\260\22C)\245&\2668~\310,\22\214\373|\242\361\202J\270\263\300\24\21\374\255%^"..., 36) = 36
1488283726.116630 clock_gettime(CLOCK_BOOTTIME, {39196, 545870702}) = 0
1488283726.116702 clock_gettime(CLOCK_BOOTTIME, {39196, 545940336}) = 0
1488283726.116769 select(7, [3 4], [], NULL, NULL) = 1 (in [3])
1488283726.116865 clock_gettime(CLOCK_BOOTTIME, {39196, 546103995}) = 0
1488283726.116932 read(3, "m\356\25\26\0108\t\302\324\3131\260\t\257u\226e\213\3721;\242Y\372\3238\3711zbl\26"..., 8192) = 36
1488283726.117030 clock_gettime(CLOCK_BOOTTIME, {39196, 546271137}) = 0
1488283726.117182 clock_gettime(CLOCK_BOOTTIME, {39196, 546424642}) = 0
1488283726.117257 select(7, [3 4], [5], NULL, NULL) = 1 (out [5])
1488283726.117355 clock_gettime(CLOCK_BOOTTIME, {39196, 546593844}) = 0
1488283726.117421 write(5, "x", 1)      = 1
1488283726.118226 clock_gettime(CLOCK_BOOTTIME, {39196, 547468187}) = 0
1488283726.118303 clock_gettime(CLOCK_BOOTTIME, {39196, 547541900}) = 0
1488283726.118370 select(7, [3 4], [], NULL, NULL) = 1 (in [4])
1488283726.240794 clock_gettime(CLOCK_BOOTTIME, {39196, 670029518}) = 0
1488283726.240841 read(4, "i", 16384)   = 1
1488283726.240908 clock_gettime(CLOCK_BOOTTIME, {39196, 670139492}) = 0
1488283726.240944 clock_gettime(CLOCK_BOOTTIME, {39196, 670172269}) = 0
1488283726.240976 select(7, [3 4], [3], NULL, NULL) = 1 (out [3])
1488283726.241024 clock_gettime(CLOCK_BOOTTIME, {39196, 670251933}) = 0
1488283726.241055 write(3, "G\350}\373\27\5\320\222\r\222\307M\0353\5\345\355\345\tC\265\223\361\211P\231\262\324[X\301\257"..., 36) = 36
1488283726.241338 clock_gettime(CLOCK_BOOTTIME, {39196, 670567761}) = 0
1488283726.241374 clock_gettime(CLOCK_BOOTTIME, {39196, 670601763}) = 0
1488283726.241405 select(7, [3 4], [], NULL, NULL) = 1 (in [3])
1488283726.241449 clock_gettime(CLOCK_BOOTTIME, {39196, 670676617}) = 0
1488283726.241478 read(3, "\2521\265\342\362\342\263\31\313s\372'\23\312\344\270x\2137q\244hlr\247\24\302\340\27\f\2364"..., 8192) = 36
1488283726.241523 clock_gettime(CLOCK_BOOTTIME, {39196, 670752359}) = 0
1488283726.241553 clock_gettime(CLOCK_BOOTTIME, {39196, 670781060}) = 0
1488283726.241583 select(7, [3 4], [5], NULL, NULL) = 1 (out [5])
1488283726.241624 clock_gettime(CLOCK_BOOTTIME, {39196, 670851844}) = 0
1488283726.241653 write(5, "i", 1)      = 1
1488283726.241985 clock_gettime(CLOCK_BOOTTIME, {39196, 671214085}) = 0
1488283726.242019 clock_gettime(CLOCK_BOOTTIME, {39196, 671247011}) = 0
1488283726.242049 select(7, [3 4], [], NULL, NULL) = 1 (in [4])
1488283726.381672 clock_gettime(CLOCK_BOOTTIME, {39196, 810922108}) = 0
1488283726.381765 read(4, "t", 16384)   = 1
1488283726.381884 clock_gettime(CLOCK_BOOTTIME, {39196, 811128805}) = 0
1488283726.381961 clock_gettime(CLOCK_BOOTTIME, {39196, 811200810}) = 0
1488283726.382034 select(7, [3 4], [3], NULL, NULL) = 1 (out [3])
1488283726.382254 clock_gettime(CLOCK_BOOTTIME, {39196, 811494811}) = 0
1488283726.382327 write(3, "\310\332\251N\200\223\f\270b\353\371s(\244D;\246{X\311\241T7\325\362\274\254[\237\313\327\352"..., 36) = 36
1488283726.382786 clock_gettime(CLOCK_BOOTTIME, {39196, 812026947}) = 0
1488283726.382860 clock_gettime(CLOCK_BOOTTIME, {39196, 812098320}) = 0
1488283726.382927 select(7, [3 4], [], NULL, NULL) = 1 (in [3])
1488283726.383025 clock_gettime(CLOCK_BOOTTIME, {39196, 812264039}) = 0
1488283726.383092 read(3, "\362\0\260v~\2\\\30\\\313\205\326g\227LB{\t\3328!&\304\226\364}<=w\212\376\17"..., 8192) = 36
1488283726.383380 clock_gettime(CLOCK_BOOTTIME, {39196, 812621791}) = 0
1488283726.383450 clock_gettime(CLOCK_BOOTTIME, {39196, 812688293}) = 0
1488283726.383518 select(7, [3 4], [5], NULL, NULL) = 1 (out [5])
1488283726.383618 clock_gettime(CLOCK_BOOTTIME, {39196, 812857129}) = 0
1488283726.383685 write(5, "t", 1)      = 1
1488283726.384454 clock_gettime(CLOCK_BOOTTIME, {39196, 813696572}) = 0
1488283726.384565 clock_gettime(CLOCK_BOOTTIME, {39196, 813806488}) = 0
1488283726.384637 select(7, [3 4], [], NULL, NULL) = 1 (in [4])
1488283726.587895 clock_gettime(CLOCK_BOOTTIME, {39197, 17130746}) = 0
1488283726.587942 read(4, "\r", 16384)  = 1
1488283726.588002 clock_gettime(CLOCK_BOOTTIME, {39197, 17233309}) = 0
1488283726.588039 clock_gettime(CLOCK_BOOTTIME, {39197, 17268117}) = 0
1488283726.588072 select(7, [3 4], [3], NULL, NULL) = 1 (out [3])
1488283726.588164 clock_gettime(CLOCK_BOOTTIME, {39197, 17397010}) = 0
1488283726.588202 write(3, "\311\271\10\215)\362\322\366e\220=C\216\32Q\337\217\247A\216&ki\220\326\325\30\"\304\262\307\274"..., 36) = 36
1488283726.588978 clock_gettime(CLOCK_BOOTTIME, {39197, 18208359}) = 0
1488283726.589015 clock_gettime(CLOCK_BOOTTIME, {39197, 18243843}) = 0
1488283726.589047 select(7, [3 4], [], NULL, NULL) = 1 (in [3])
1488283726.589093 clock_gettime(CLOCK_BOOTTIME, {39197, 18321282}) = 0
1488283726.589170 read(3, "u\366B\377\212z=\5|lC-<My\31\347\37\322\216\307\213\317|\350b\243i\200\376\225\353"..., 8192) = 80
1488283726.589225 clock_gettime(CLOCK_BOOTTIME, {39197, 18454834}) = 0
1488283726.589256 clock_gettime(CLOCK_BOOTTIME, {39197, 18484225}) = 0
1488283726.589286 select(7, [3 4], [5], NULL, NULL) = 1 (out [5])
1488283726.589331 clock_gettime(CLOCK_BOOTTIME, {39197, 18558925}) = 0
1488283726.589360 write(5, "\r\nlogout\r\n", 10) = 10
1488283726.589769 clock_gettime(CLOCK_BOOTTIME, {39197, 18999489}) = 0
1488283726.589805 clock_gettime(CLOCK_BOOTTIME, {39197, 19033567}) = 0
1488283726.589836 select(7, [3 4], [], NULL, NULL) = 1 (in [3])
1488283726.592437 clock_gettime(CLOCK_BOOTTIME, {39197, 21669127}) = 0
1488283726.592477 read(3, "-\301\213\n\36q\376\3047JN\304\242\16B\223\372\276\350M\362\377\273\266\371\3051\37\310{\255D"..., 8192) = 176
1488283726.592540 close(4)              = 0
1488283726.592578 close(5)              = 0
1488283726.592611 clock_gettime(CLOCK_BOOTTIME, {39197, 21841318}) = 0
1488283726.592644 clock_gettime(CLOCK_BOOTTIME, {39197, 21872884}) = 0
1488283726.592676 ioctl(0, TCGETS, {B38400 -opost -isig -icanon -echo ...}) = 0
1488283726.592712 ioctl(0, SNDCTL_TMR_STOP or TCSETSW, {B38400 opost isig icanon echo ...}) = 0
1488283726.592747 ioctl(0, TCGETS, {B38400 opost isig icanon echo ...}) = 0
1488283726.592796 close(6)              = 0
1488283726.592827 select(7, [3], [3], NULL, NULL) = 1 (out [3])
1488283726.592872 clock_gettime(CLOCK_BOOTTIME, {39197, 22101214}) = 0
1488283726.592904 write(3, "\223\v\361\2579\362\355\337\5\27Z)\10\203w\315W\207\332Y\246j\264\3740\23d\265\252\221\251\232"..., 36) = 36
1488283726.593015 rt_sigaction(SIGWINCH, NULL, {0x55e1e8adb670, [], SA_RESTORER, 0x7fb9b90554b0}, 8) = 0
1488283726.593069 rt_sigaction(SIGWINCH, {SIG_DFL, [], SA_RESTORER, 0x7fb9b90554b0}, NULL, 8) = 0
1488283726.593109 write(3, "\224\230O\305`\354\2543o\223x{\3226\314P:\231Y\271@\340\21Ck\304\357pNK\307J"..., 60) = 60
1488283726.602383 ioctl(0, TCGETS, {B38400 opost isig icanon echo ...}) = 0
1488283726.605029 ioctl(1, TCGETS, {B38400 opost isig icanon echo ...}) = 0
1488283726.605148 ioctl(2, TCGETS, {B38400 opost isig icanon echo ...}) = 0
1488283726.605220 write(2, "Connection to 192.168.14.8 close"..., 36) = 36
1488283726.606297 shutdown(3, SHUT_RDWR) = 0
1488283726.606409 close(3)              = 0
1488283726.606541 exit_group(0)         = ?
1488283726.613557 +++ exited with 0 +++
