1488273881.471375 select(7, [3 4], [], NULL, NULL) = 1 (in [4])
1488273887.942986 clock_gettime(CLOCK_BOOTTIME, {29358, 372254121}) = 0
1488273887.943144 read(4, "\r", 16384)  = 1
1488273887.943300 clock_gettime(CLOCK_BOOTTIME, {29358, 372545815}) = 0
1488273887.943381 clock_gettime(CLOCK_BOOTTIME, {29358, 372622778}) = 0
1488273887.943457 select(7, [3 4], [3], NULL, NULL) = 1 (out [3])
1488273887.943777 clock_gettime(CLOCK_BOOTTIME, {29358, 373019708}) = 0
1488273887.943856 write(3, "\231\"A\17\354\227X;\355uI\6\325\226!\202D\2749\231\ndO\4<\334#\25\24\347\235B"..., 36) = 36
1488273887.944382 clock_gettime(CLOCK_BOOTTIME, {29358, 373627612}) = 0
1488273887.944465 clock_gettime(CLOCK_BOOTTIME, {29358, 373753795}) = 0
1488273887.944591 select(7, [3 4], [], NULL, NULL) = 1 (in [3])
1488273888.040399 clock_gettime(CLOCK_BOOTTIME, {29358, 469638812}) = 0
1488273888.040461 read(3, "\362\256T\4\206\277\307{\346\321s0\370p\\\325\234\211\231z\273\235\5V\334=`9B6\204&"..., 8192) = 116
1488273888.040632 clock_gettime(CLOCK_BOOTTIME, {29358, 469870354}) = 0
1488273888.040685 clock_gettime(CLOCK_BOOTTIME, {29358, 469917944}) = 0
1488273888.040730 select(7, [3 4], [5], NULL, NULL) = 1 (out [5])
1488273888.040801 clock_gettime(CLOCK_BOOTTIME, {29358, 470034858}) = 0
1488273888.040845 write(5, "\r\33[K\33]0;ubuntu@ubuntu: ~\7ubuntu@"..., 82) = 82
1488273888.041313 clock_gettime(CLOCK_BOOTTIME, {29358, 470548498}) = 0
1488273888.041363 clock_gettime(CLOCK_BOOTTIME, {29358, 470595446}) = 0
1488273888.041407 select(7, [3 4], [], NULL, NULL) = 1 (in [4])
1488273888.094533 clock_gettime(CLOCK_BOOTTIME, {29358, 523777858}) = 0
1488273888.094603 read(4, "\r", 16384)  = 1
1488273888.094679 clock_gettime(CLOCK_BOOTTIME, {29358, 523910575}) = 0
1488273888.094715 clock_gettime(CLOCK_BOOTTIME, {29358, 523944757}) = 0
1488273888.094749 select(7, [3 4], [3], NULL, NULL) = 1 (out [3])
1488273888.094798 clock_gettime(CLOCK_BOOTTIME, {29358, 524027649}) = 0
1488273888.094832 write(3, "]v\236\367\310v\251\30\204I~1\245\230B\200\16^A-;T\37#\226^\353\247\3\363\214\255"..., 36) = 36
1488273888.095162 clock_gettime(CLOCK_BOOTTIME, {29358, 524393283}) = 0
1488273888.095209 clock_gettime(CLOCK_BOOTTIME, {29358, 524439959}) = 0
1488273888.095245 select(7, [3 4], [], NULL, NULL) = 1 (in [3])
1488273888.115400 clock_gettime(CLOCK_BOOTTIME, {29358, 544633503}) = 0
1488273888.115442 read(3, "\305\355\375\21\36\3613\177\16:NZ\372\317J\314\324rQ,\245\240c\313\4\223o\246\346\334\300."..., 8192) = 76
1488273888.115532 clock_gettime(CLOCK_BOOTTIME, {29358, 544765749}) = 0
1488273888.115571 clock_gettime(CLOCK_BOOTTIME, {29358, 544800462}) = 0
1488273888.115605 select(7, [3 4], [5], NULL, NULL) = 1 (out [5])
1488273888.115656 clock_gettime(CLOCK_BOOTTIME, {29358, 544885028}) = 0
1488273888.115688 write(5, "\r\n\33]0;ubuntu@ubuntu: ~\7ubuntu@ub"..., 40) = 40
1488273888.116050 clock_gettime(CLOCK_BOOTTIME, {29358, 545280914}) = 0
1488273888.116088 clock_gettime(CLOCK_BOOTTIME, {29358, 545317131}) = 0
1488273888.116121 select(7, [3 4], [], NULL, NULL) = 1 (in [4])
1488273888.266841 clock_gettime(CLOCK_BOOTTIME, {29358, 696082530}) = 0
1488273888.266906 read(4, "l", 16384)   = 1
1488273888.266983 clock_gettime(CLOCK_BOOTTIME, {29358, 696222898}) = 0
1488273888.267047 clock_gettime(CLOCK_BOOTTIME, {29358, 696285401}) = 0
1488273888.267111 select(7, [3 4], [3], NULL, NULL) = 1 (out [3])
1488273888.267321 clock_gettime(CLOCK_BOOTTIME, {29358, 696565309}) = 0
1488273888.267408 write(3, "E\t2\n\276&)\227\1\20\26XL\321\246\34\377\327A0\253\323\356\24\2312{v\216=\34\315"..., 36) = 36
1488273888.267786 clock_gettime(CLOCK_BOOTTIME, {29358, 697017054}) = 0
1488273888.267849 clock_gettime(CLOCK_BOOTTIME, {29358, 697103171}) = 0
1488273888.267912 select(7, [3 4], [], NULL, NULL) = 1 (in [3])
1488273888.290343 clock_gettime(CLOCK_BOOTTIME, {29358, 719575957}) = 0
1488273888.290385 read(3, "\311g\216wV!\v6^\16\177\"\215R\\\206\26\26G6\276&a#\246\266\n\7\17\223E\203"..., 8192) = 36
1488273888.290446 clock_gettime(CLOCK_BOOTTIME, {29358, 719676741}) = 0
1488273888.290482 clock_gettime(CLOCK_BOOTTIME, {29358, 719751660}) = 0
1488273888.290563 select(7, [3 4], [5], NULL, NULL) = 1 (out [5])
1488273888.290615 clock_gettime(CLOCK_BOOTTIME, {29358, 719844544}) = 0
1488273888.290649 write(5, "l", 1)      = 1
1488273888.291038 clock_gettime(CLOCK_BOOTTIME, {29358, 720268847}) = 0
1488273888.291076 clock_gettime(CLOCK_BOOTTIME, {29358, 720305404}) = 0
1488273888.291110 select(7, [3 4], [], NULL, NULL) = 1 (in [4])
1488273888.328192 clock_gettime(CLOCK_BOOTTIME, {29358, 757424689}) = 0
1488273888.328234 read(4, "s", 16384)   = 1
1488273888.328292 clock_gettime(CLOCK_BOOTTIME, {29358, 757522700}) = 0
1488273888.328327 clock_gettime(CLOCK_BOOTTIME, {29358, 757556282}) = 0
1488273888.328361 select(7, [3 4], [3], NULL, NULL) = 1 (out [3])
1488273888.328411 clock_gettime(CLOCK_BOOTTIME, {29358, 757639958}) = 0
1488273888.328445 write(3, "\365r\20\376\4\206V\256\307\243\3620GO\372\351\32t\2\346F3Y\371\306>\2118\263\214oN"..., 36) = 36
1488273888.328716 clock_gettime(CLOCK_BOOTTIME, {29358, 757946980}) = 0
1488273888.328754 clock_gettime(CLOCK_BOOTTIME, {29358, 757982966}) = 0
1488273888.328788 select(7, [3 4], [], NULL, NULL) = 1 (in [3])
1488273888.360474 clock_gettime(CLOCK_BOOTTIME, {29358, 789847090}) = 0
1488273888.360715 read(3, "|SM\331P\232\306 \20rd\276v\27\206\20\200\347\222\342\334\260c\210\322\270c\251\362\213\2620"..., 8192) = 36
1488273888.360845 clock_gettime(CLOCK_BOOTTIME, {29358, 790087550}) = 0
1488273888.360920 clock_gettime(CLOCK_BOOTTIME, {29358, 790158359}) = 0
1488273888.360991 select(7, [3 4], [5], NULL, NULL) = 1 (out [5])
1488273888.361101 clock_gettime(CLOCK_BOOTTIME, {29358, 790340668}) = 0
1488273888.361171 write(5, "s", 1)      = 1
1488273888.361916 clock_gettime(CLOCK_BOOTTIME, {29358, 791159354}) = 0
1488273888.361996 clock_gettime(CLOCK_BOOTTIME, {29358, 791235771}) = 0
1488273888.362067 select(7, [3 4], [], NULL, NULL) = 1 (in [4])
1488273888.465645 clock_gettime(CLOCK_BOOTTIME, {29358, 894877546}) = 0
1488273888.465686 read(4, "\r", 16384)  = 1
1488273888.465741 clock_gettime(CLOCK_BOOTTIME, {29358, 894972287}) = 0
1488273888.465776 clock_gettime(CLOCK_BOOTTIME, {29358, 895005395}) = 0
1488273888.465824 select(7, [3 4], [3], NULL, NULL) = 1 (out [3])
1488273888.465873 clock_gettime(CLOCK_BOOTTIME, {29358, 895102027}) = 0
1488273888.465906 write(3, "3_tQ\304\260\324\360\232\330)l9|\"\242\314\326a\315c\24\332\nY\347\v\231\356\216\27\364"..., 36) = 36
1488273888.466146 clock_gettime(CLOCK_BOOTTIME, {29358, 895418321}) = 0
1488273888.466228 clock_gettime(CLOCK_BOOTTIME, {29358, 895457883}) = 0
1488273888.466262 select(7, [3 4], [], NULL, NULL) = 1 (in [3])
1488273888.526618 clock_gettime(CLOCK_BOOTTIME, {29358, 955877740}) = 0
1488273888.526726 read(3, "I\372D\372\nv\230\214Wr\35\21\227\220V\vHm\177pqt\325H\246\315es\270\367\235\301"..., 8192) = 36
1488273888.526856 clock_gettime(CLOCK_BOOTTIME, {29358, 956100911}) = 0
1488273888.526935 clock_gettime(CLOCK_BOOTTIME, {29358, 956176871}) = 0
1488273888.527012 select(7, [3 4], [5], NULL, NULL) = 1 (out [5])
1488273888.527128 clock_gettime(CLOCK_BOOTTIME, {29358, 956369373}) = 0
1488273888.527202 write(5, "\r\n", 2)   = 2
1488273888.528154 clock_gettime(CLOCK_BOOTTIME, {29358, 957399840}) = 0
1488273888.528242 clock_gettime(CLOCK_BOOTTIME, {29358, 957483368}) = 0
1488273888.528317 select(7, [3 4], [], NULL, NULL) = 1 (in [3])
1488273888.539836 clock_gettime(CLOCK_BOOTTIME, {29358, 969103453}) = 0
1488273888.539985 read(3, "\277\344\313\265\224\203\\\7\305\n\333\363\264|a\323\210zS(\226\237r\3}\260\310n\230m3\361"..., 8192) = 300
1488273888.540224 clock_gettime(CLOCK_BOOTTIME, {29358, 969482162}) = 0
1488273888.540333 clock_gettime(CLOCK_BOOTTIME, {29358, 969578689}) = 0
1488273888.540416 select(7, [3 4], [5], NULL, NULL) = 1 (out [5])
1488273888.540731 clock_gettime(CLOCK_BOOTTIME, {29358, 969981608}) = 0
1488273888.540836 write(5, "\33[0m\33[01;34mcelerydoc\33[0m    \33[0"..., 261) = 261
1488273888.542983 clock_gettime(CLOCK_BOOTTIME, {29358, 972229491}) = 0
1488273888.543230 clock_gettime(CLOCK_BOOTTIME, {29358, 972471373}) = 0
1488273888.543305 select(7, [3 4], [], NULL, NULL) = 1 (in [3])
1488273888.571422 clock_gettime(CLOCK_BOOTTIME, {29359, 660893}) = 0
1488273888.571631 read(3, "\270\231\357\310\3[\201/\27\34\327F;\37\235\215\207\200\266H\366\343\311\373y\263\237\274\\\263\355\302"..., 8192) = 448
1488273888.571740 clock_gettime(CLOCK_BOOTTIME, {29359, 977871}) = 0
1488273888.571795 clock_gettime(CLOCK_BOOTTIME, {29359, 1029427}) = 0
1488273888.571846 select(7, [3 4], [5], NULL, NULL) = 1 (out [5])
1488273888.571919 clock_gettime(CLOCK_BOOTTIME, {29359, 1154352}) = 0
1488273888.571970 write(5, "\r\n\33[01;34mcelery_proj\33[0m  \33[01;"..., 308) = 308
1488273888.572463 clock_gettime(CLOCK_BOOTTIME, {29359, 1699911}) = 0
1488273888.572544 clock_gettime(CLOCK_BOOTTIME, {29359, 1779093}) = 0
1488273888.572596 select(7, [3 4], [], NULL, NULL) = 1 (in [4])
1488273889.437270 clock_gettime(CLOCK_BOOTTIME, {29359, 866525180}) = 0
1488273889.437373 read(4, "i", 16384)   = 1
1488273889.437496 clock_gettime(CLOCK_BOOTTIME, {29359, 866803750}) = 0
1488273889.437655 clock_gettime(CLOCK_BOOTTIME, {29359, 866897971}) = 0
1488273889.437735 select(7, [3 4], [3], NULL, NULL) = 1 (out [3])
1488273889.437853 clock_gettime(CLOCK_BOOTTIME, {29359, 867095980}) = 0
1488273889.437931 write(3, "\243P\250\261iYN\27g\333\216\264\231\233$PM\32<\350e\272\337r\323\16\305\241\32Zr\21"..., 36) = 36
1488273889.438446 clock_gettime(CLOCK_BOOTTIME, {29359, 867690479}) = 0
1488273889.438604 clock_gettime(CLOCK_BOOTTIME, {29359, 867855529}) = 0
1488273889.438695 select(7, [3 4], [], NULL, NULL) = 1 (in [4])
1488273889.517210 clock_gettime(CLOCK_BOOTTIME, {29359, 946444183}) = 0
1488273889.517253 read(4, "f", 16384)   = 1
1488273889.517324 clock_gettime(CLOCK_BOOTTIME, {29359, 946555622}) = 0
1488273889.517360 clock_gettime(CLOCK_BOOTTIME, {29359, 946589258}) = 0
1488273889.517393 select(7, [3 4], [3], NULL, NULL) = 1 (out [3])
1488273889.517442 clock_gettime(CLOCK_BOOTTIME, {29359, 946671251}) = 0
1488273889.517475 write(3, "\352\254'\264M\321\202\202S\1\300\304\324\261\16\221f\352o\377j\0\206\225\250\330\340+\210\346\"\212"..., 36) = 36
1488273889.517714 clock_gettime(CLOCK_BOOTTIME, {29359, 946945348}) = 0
1488273889.517752 clock_gettime(CLOCK_BOOTTIME, {29359, 946980732}) = 0
1488273889.517785 select(7, [3 4], [], NULL, NULL) = 1 (in [3])
1488273889.526124 clock_gettime(CLOCK_BOOTTIME, {29359, 955371173}) = 0
1488273889.526210 read(3, "\244\35\v\275\25b\336\372 \337~[^#\276U#cW\235]\217-\233q\177io\1\330\325\344"..., 8192) = 36
1488273889.526328 clock_gettime(CLOCK_BOOTTIME, {29359, 955571879}) = 0
1488273889.526405 clock_gettime(CLOCK_BOOTTIME, {29359, 955647107}) = 0
1488273889.526481 select(7, [3 4], [5], NULL, NULL) = 1 (out [5])
1488273889.527130 clock_gettime(CLOCK_BOOTTIME, {29359, 956461484}) = 0
1488273889.527363 write(5, "i", 1)      = 1
1488273889.528382 clock_gettime(CLOCK_BOOTTIME, {29359, 957631149}) = 0
1488273889.528477 clock_gettime(CLOCK_BOOTTIME, {29359, 957718971}) = 0
1488273889.528617 select(7, [3 4], [], NULL, NULL) = 1 (in [3])
1488273889.534447 clock_gettime(CLOCK_BOOTTIME, {29359, 963714956}) = 0
1488273889.534687 read(3, ",\266\217\3363O\0300O\360\315\315\374\26\340YiN\217\336|n\23\20:T^\264W\2624\34"..., 8192) = 36
1488273889.535076 clock_gettime(CLOCK_BOOTTIME, {29359, 964341477}) = 0
1488273889.535215 clock_gettime(CLOCK_BOOTTIME, {29359, 964472215}) = 0
1488273889.535342 select(7, [3 4], [5], NULL, NULL) = 1 (out [5])
1488273889.535634 clock_gettime(CLOCK_BOOTTIME, {29359, 964902095}) = 0
1488273889.535777 write(5, "f", 1)      = 1
1488273889.537015 clock_gettime(CLOCK_BOOTTIME, {29359, 966259515}) = 0
1488273889.537099 clock_gettime(CLOCK_BOOTTIME, {29359, 966338828}) = 0
1488273889.537172 select(7, [3 4], [], NULL, NULL) = 1 (in [4])
1488273889.692267 clock_gettime(CLOCK_BOOTTIME, {29360, 121513120}) = 0
1488273889.692351 read(4, "c", 16384)   = 1
1488273889.692465 clock_gettime(CLOCK_BOOTTIME, {29360, 121707822}) = 0
1488273889.692610 clock_gettime(CLOCK_BOOTTIME, {29360, 121858921}) = 0
1488273889.692697 select(7, [3 4], [3], NULL, NULL) = 1 (out [3])
1488273889.692834 clock_gettime(CLOCK_BOOTTIME, {29360, 122076304}) = 0
1488273889.692910 write(3, "P\264L\205\376\rD?\323\227\271\273\237 3\27\36L\255.\236\351\364\25\245`\34\235LY5o"..., 36) = 36
1488273889.693427 clock_gettime(CLOCK_BOOTTIME, {29360, 122668989}) = 0
1488273889.693505 clock_gettime(CLOCK_BOOTTIME, {29360, 122744227}) = 0
1488273889.693653 select(7, [3 4], [], NULL, NULL) = 1 (in [3])
1488273889.734824 clock_gettime(CLOCK_BOOTTIME, {29360, 164078600}) = 0
1488273889.734923 read(3, "bV\264\24\302\377&\227\213\240\245\27hk\206\370\0264Z_N<\265wl\33\255\315\0&\3E"..., 8192) = 36
1488273889.735045 clock_gettime(CLOCK_BOOTTIME, {29360, 164287915}) = 0
1488273889.735119 clock_gettime(CLOCK_BOOTTIME, {29360, 164357922}) = 0
1488273889.735191 select(7, [3 4], [5], NULL, NULL) = 1 (out [5])
1488273889.735299 clock_gettime(CLOCK_BOOTTIME, {29360, 164538577}) = 0
1488273889.735370 write(5, "c", 1)      = 1
1488273889.736274 clock_gettime(CLOCK_BOOTTIME, {29360, 165517499}) = 0
1488273889.736358 clock_gettime(CLOCK_BOOTTIME, {29360, 165597122}) = 0
1488273889.736429 select(7, [3 4], [], NULL, NULL) = 1 (in [4])
1488273889.808617 clock_gettime(CLOCK_BOOTTIME, {29360, 237854736}) = 0
1488273889.808664 read(4, "o", 16384)   = 1
1488273889.808722 clock_gettime(CLOCK_BOOTTIME, {29360, 237951978}) = 0
1488273889.808755 clock_gettime(CLOCK_BOOTTIME, {29360, 237983046}) = 0
1488273889.808813 select(7, [3 4], [3], NULL, NULL) = 1 (out [3])
1488273889.808867 clock_gettime(CLOCK_BOOTTIME, {29360, 238096211}) = 0
1488273889.808900 write(3, " \270FJ\307\350\360Pg\314\252\265I(v\272\306\3355eu-\342\320i\212a\215V<y\217"..., 36) = 36
1488273889.809206 clock_gettime(CLOCK_BOOTTIME, {29360, 238435817}) = 0
1488273889.809243 clock_gettime(CLOCK_BOOTTIME, {29360, 238471070}) = 0
1488273889.809298 select(7, [3 4], [], NULL, NULL) = 1 (in [4])
1488273889.918723 clock_gettime(CLOCK_BOOTTIME, {29360, 347956859}) = 0
1488273889.918767 read(4, "\t", 16384)  = 1
1488273889.918827 clock_gettime(CLOCK_BOOTTIME, {29360, 348058284}) = 0
1488273889.918864 clock_gettime(CLOCK_BOOTTIME, {29360, 348093550}) = 0
1488273889.918900 select(7, [3 4], [3], NULL, NULL) = 1 (out [3])
1488273889.918952 clock_gettime(CLOCK_BOOTTIME, {29360, 348182202}) = 0
1488273889.918989 write(3, "\340Eg\0272\325\350\245\27\372N>]\246\306I\251\37\250 \321\370]\233\256z\6\2600\vmY"..., 36) = 36
1488273889.919314 clock_gettime(CLOCK_BOOTTIME, {29360, 348545441}) = 0
1488273889.919355 clock_gettime(CLOCK_BOOTTIME, {29360, 348584525}) = 0
1488273889.919391 select(7, [3 4], [], NULL, NULL) = 1 (in [4])
1488273890.120688 clock_gettime(CLOCK_BOOTTIME, {29360, 549920467}) = 0
1488273890.120729 read(4, "\r", 16384)  = 1
1488273890.120785 clock_gettime(CLOCK_BOOTTIME, {29360, 550046303}) = 0
1488273890.120855 clock_gettime(CLOCK_BOOTTIME, {29360, 550084332}) = 0
1488273890.120890 select(7, [3 4], [3], NULL, NULL) = 1 (out [3])
1488273890.121037 clock_gettime(CLOCK_BOOTTIME, {29360, 550269842}) = 0
1488273890.121078 write(3, ",\213\377&/\371;tS]\332\16h\20\360H\377\376X<\311y\256\225\221\2228\3036\242\377A"..., 36) = 36
1488273890.121532 clock_gettime(CLOCK_BOOTTIME, {29360, 550787087}) = 0
1488273890.121601 clock_gettime(CLOCK_BOOTTIME, {29360, 550830736}) = 0
1488273890.121636 select(7, [3 4], [], NULL, NULL) = 1 (in [3])
1488273890.246958 clock_gettime(CLOCK_BOOTTIME, {29360, 676191303}) = 0
1488273890.247000 read(3, "\336r\212\257>\313\372\0208\277S\364_5\371\v\252cy'\255\336\241&\23\277\256\202\264w*\347"..., 8192) = 36
1488273890.247058 clock_gettime(CLOCK_BOOTTIME, {29360, 676288254}) = 0
1488273890.247091 clock_gettime(CLOCK_BOOTTIME, {29360, 676319564}) = 0
1488273890.247123 select(7, [3 4], [5], NULL, NULL) = 1 (out [5])
1488273890.247171 clock_gettime(CLOCK_BOOTTIME, {29360, 676398960}) = 0
1488273890.247202 write(5, "o", 1)      = 1
1488273890.247701 clock_gettime(CLOCK_BOOTTIME, {29360, 676932929}) = 0
1488273890.247744 clock_gettime(CLOCK_BOOTTIME, {29360, 676972812}) = 0
1488273890.247777 select(7, [3 4], [], NULL, NULL) = 1 (in [3])
1488273890.260727 clock_gettime(CLOCK_BOOTTIME, {29360, 689980654}) = 0
1488273890.260796 read(3, "\2550\37\307m\204A\332 ~\324\f\251\3\327\245tZ\25.c\16#\330\214\377\274\347(\3A\360"..., 8192) = 44
1488273890.260870 clock_gettime(CLOCK_BOOTTIME, {29360, 690101797}) = 0
1488273890.260906 clock_gettime(CLOCK_BOOTTIME, {29360, 690134455}) = 0
1488273890.260938 select(7, [3 4], [5], NULL, NULL) = 1 (out [5])
1488273890.260989 clock_gettime(CLOCK_BOOTTIME, {29360, 690218167}) = 0
1488273890.261066 write(5, "nfig \r\n", 7) = 7
1488273890.261654 clock_gettime(CLOCK_BOOTTIME, {29360, 690916365}) = 0
1488273890.261728 clock_gettime(CLOCK_BOOTTIME, {29360, 690956600}) = 0
1488273890.261761 select(7, [3 4], [], NULL, NULL) = 1 (in [3])
1488273890.266678 clock_gettime(CLOCK_BOOTTIME, {29360, 695917410}) = 0
1488273890.266730 read(3, "\2345\3\334\6\203\271\0250f\t\227\30\0062:.\3578\321\302z^\32\341zx\2567\36r\335"..., 8192) = 92
1488273890.266793 clock_gettime(CLOCK_BOOTTIME, {29360, 696023795}) = 0
1488273890.266906 clock_gettime(CLOCK_BOOTTIME, {29360, 696135432}) = 0
1488273890.266941 select(7, [3 4], [5], NULL, NULL) = 1 (out [5])
1488273890.266992 clock_gettime(CLOCK_BOOTTIME, {29360, 696220655}) = 0
1488273890.267024 write(5, "ens33     Link encap:Ethernet  H"..., 57) = 57
1488273890.267398 clock_gettime(CLOCK_BOOTTIME, {29360, 696628527}) = 0
1488273890.267436 clock_gettime(CLOCK_BOOTTIME, {29360, 696664090}) = 0
1488273890.267467 select(7, [3 4], [], NULL, NULL) = 1 (in [3])
1488273890.268384 clock_gettime(CLOCK_BOOTTIME, {29360, 697615571}) = 0
1488273890.268427 read(3, "\3530\232cWh\360*\223\314\241,\242nG\246C\303w\237M\326\351\32\220}\302\312\256\326\270E"..., 8192) = 36
1488273890.268516 clock_gettime(CLOCK_BOOTTIME, {29360, 697747055}) = 0
1488273890.268698 clock_gettime(CLOCK_BOOTTIME, {29360, 697947048}) = 0
1488273890.268767 select(7, [3 4], [5], NULL, NULL) = 1 (out [5])
1488273890.268842 clock_gettime(CLOCK_BOOTTIME, {29360, 698071416}) = 0
1488273890.268929 write(5, "\r\n", 2)   = 2
1488273890.270038 clock_gettime(CLOCK_BOOTTIME, {29360, 699268747}) = 0
1488273890.270078 clock_gettime(CLOCK_BOOTTIME, {29360, 699306177}) = 0
1488273890.270110 select(7, [3 4], [], NULL, NULL) = 1 (in [3])
1488273890.270157 clock_gettime(CLOCK_BOOTTIME, {29360, 699385678}) = 0
1488273890.270188 read(3, "\2011{\3645K|\270\203I\356\27\265\3\322\211\361{\7g\6\202\234\305\244\254\241{uP\233&"..., 8192) = 152
1488273890.270242 clock_gettime(CLOCK_BOOTTIME, {29360, 699471263}) = 0
1488273890.270274 clock_gettime(CLOCK_BOOTTIME, {29360, 699502014}) = 0
1488273890.270304 select(7, [3 4], [5], NULL, NULL) = 1 (out [5])
1488273890.270348 clock_gettime(CLOCK_BOOTTIME, {29360, 699576570}) = 0
1488273890.270379 write(5, "          inet addr:192.168.14.4"..., 77) = 77
1488273890.270724 clock_gettime(CLOCK_BOOTTIME, {29360, 699955140}) = 0
1488273890.270763 clock_gettime(CLOCK_BOOTTIME, {29360, 699991045}) = 0
1488273890.270794 select(7, [3 4], [], NULL, NULL) = 1 (in [3])
1488273890.271627 clock_gettime(CLOCK_BOOTTIME, {29360, 700859018}) = 0
1488273890.271666 read(3, "{k>\245;D\274\315u\375\317h\4\303\361\361nrH ~\263\353A\375]\217\320\316\322o\301"..., 8192) = 364
1488273890.271730 clock_gettime(CLOCK_BOOTTIME, {29360, 700960132}) = 0
1488273890.271763 clock_gettime(CLOCK_BOOTTIME, {29360, 700991890}) = 0
1488273890.271795 select(7, [3 4], [5], NULL, NULL) = 1 (out [5])
1488273890.271842 clock_gettime(CLOCK_BOOTTIME, {29360, 701070437}) = 0
1488273890.271873 write(5, "          inet6 addr: fe80::f442"..., 257) = 257
1488273890.272244 clock_gettime(CLOCK_BOOTTIME, {29360, 701474158}) = 0
1488273890.272281 clock_gettime(CLOCK_BOOTTIME, {29360, 701508809}) = 0
1488273890.272312 select(7, [3 4], [], NULL, NULL) = 1 (in [3])
1488273890.281645 clock_gettime(CLOCK_BOOTTIME, {29360, 710878623}) = 0
1488273890.281690 read(3, "\226qQ\333'\377CY\202\3002\320\252\204-\366\341\303\2\273\335:\355<\37V`\242\276\207\205\t"..., 8192) = 324
1488273890.281755 clock_gettime(CLOCK_BOOTTIME, {29360, 710985373}) = 0
1488273890.281789 clock_gettime(CLOCK_BOOTTIME, {29360, 711017216}) = 0
1488273890.281821 select(7, [3 4], [5], NULL, NULL) = 1 (out [5])
1488273890.281888 clock_gettime(CLOCK_BOOTTIME, {29360, 711116552}) = 0
1488273890.281919 write(5, "\r\n          collisions:0 txqueue"..., 283) = 283
1488273890.282270 clock_gettime(CLOCK_BOOTTIME, {29360, 711500420}) = 0
1488273890.282306 clock_gettime(CLOCK_BOOTTIME, {29360, 711534762}) = 0
1488273890.282338 select(7, [3 4], [], NULL, NULL) = 1 (in [3])
1488273890.282875 clock_gettime(CLOCK_BOOTTIME, {29360, 712104259}) = 0
1488273890.282908 read(3, "\340N<\257\261\3.cr\31w\200\17\302\\f\0\227Q,\24a\352\303\256\332\210\322\244o\345_"..., 8192) = 332
1488273890.282963 clock_gettime(CLOCK_BOOTTIME, {29360, 712192388}) = 0
1488273890.282995 clock_gettime(CLOCK_BOOTTIME, {29360, 712223536}) = 0
1488273890.283153 select(7, [3 4], [5], NULL, NULL) = 1 (out [5])
1488273890.283207 clock_gettime(CLOCK_BOOTTIME, {29360, 712435772}) = 0
1488273890.283239 write(5, "\r\n          UP LOOPBACK RUNNING "..., 292) = 292
1488273890.283825 clock_gettime(CLOCK_BOOTTIME, {29360, 713055888}) = 0
1488273890.283865 clock_gettime(CLOCK_BOOTTIME, {29360, 713093528}) = 0
1488273890.283897 select(7, [3 4], [], NULL, NULL) = 1 (in [3])
1488273890.320314 clock_gettime(CLOCK_BOOTTIME, {29360, 749551428}) = 0
1488273890.320365 read(3, "\316l\207\322Tv\372\20,\334\202\f\277\230h\346\200\363\226\366\f\324>U\f\270\314\32\224\306\321j"..., 8192) = 76
1488273890.320426 clock_gettime(CLOCK_BOOTTIME, {29360, 749656119}) = 0
1488273890.320460 clock_gettime(CLOCK_BOOTTIME, {29360, 749687868}) = 0
1488273890.320492 select(7, [3 4], [5], NULL, NULL) = 1 (out [5])
1488273890.320540 clock_gettime(CLOCK_BOOTTIME, {29360, 749793224}) = 0
1488273890.320618 write(5, "\33]0;ubuntu@ubuntu: ~\7ubuntu@ubun"..., 38) = 38
1488273890.321032 clock_gettime(CLOCK_BOOTTIME, {29360, 750271903}) = 0
1488273890.321096 clock_gettime(CLOCK_BOOTTIME, {29360, 750331939}) = 0
1488273890.321154 select(7, [3 4], [], NULL, NULL) = 1 (in [4])
1488273893.140630 clock_gettime(CLOCK_BOOTTIME, {29363, 569989737}) = 0
1488273893.140834 read(4, "e", 16384)   = 1
1488273893.140922 clock_gettime(CLOCK_BOOTTIME, {29363, 570158661}) = 0
1488273893.140974 clock_gettime(CLOCK_BOOTTIME, {29363, 570206910}) = 0
1488273893.141021 select(7, [3 4], [3], NULL, NULL) = 1 (out [3])
1488273893.141100 clock_gettime(CLOCK_BOOTTIME, {29363, 570332878}) = 0
1488273893.141147 write(3, "\324\254\243\231\6\0|\7\366\224\225\307\tE\375\35\371V\324\250m\207^\224\0\17t\n\332 o\354"..., 36) = 36
1488273893.141520 clock_gettime(CLOCK_BOOTTIME, {29363, 570755209}) = 0
1488273893.141572 clock_gettime(CLOCK_BOOTTIME, {29363, 570805209}) = 0
1488273893.141619 select(7, [3 4], [], NULL, NULL) = 1 (in [3])
1488273893.199170 clock_gettime(CLOCK_BOOTTIME, {29363, 628419490}) = 0
1488273893.199264 read(3, "\0\2012\337\205\356\343P\226\250\366;\251\203\371\247\317\1\340\17\0\264\27\27\30\257\355\277x&(\241"..., 8192) = 36
1488273893.199394 clock_gettime(CLOCK_BOOTTIME, {29363, 628639032}) = 0
1488273893.199473 clock_gettime(CLOCK_BOOTTIME, {29363, 628714712}) = 0
1488273893.199550 select(7, [3 4], [5], NULL, NULL) = 1 (out [5])
1488273893.199727 clock_gettime(CLOCK_BOOTTIME, {29363, 628989859}) = 0
1488273893.199830 write(5, "e", 1)      = 1
1488273893.200800 clock_gettime(CLOCK_BOOTTIME, {29363, 630050657}) = 0
1488273893.200900 clock_gettime(CLOCK_BOOTTIME, {29363, 630141581}) = 0
1488273893.200976 select(7, [3 4], [], NULL, NULL) = 1 (in [4])
1488273893.594283 clock_gettime(CLOCK_BOOTTIME, {29364, 23517871}) = 0
1488273893.594328 read(4, "x", 16384)   = 1
1488273893.594387 clock_gettime(CLOCK_BOOTTIME, {29364, 23617809}) = 0
1488273893.594422 clock_gettime(CLOCK_BOOTTIME, {29364, 23651126}) = 0
1488273893.594456 select(7, [3 4], [3], NULL, NULL) = 1 (out [3])
1488273893.594505 clock_gettime(CLOCK_BOOTTIME, {29364, 23735108}) = 0
1488273893.594539 write(3, "\200\342\247cM\240\242\276A\322\225\177\251\f\231\317\362\5*\236\340.\0 \213\335\2633\270\2\322\26"..., 36) = 36
1488273893.594817 clock_gettime(CLOCK_BOOTTIME, {29364, 24047796}) = 0
1488273893.594855 clock_gettime(CLOCK_BOOTTIME, {29364, 24100919}) = 0
1488273893.594907 select(7, [3 4], [], NULL, NULL) = 1 (in [3])
1488273893.646623 clock_gettime(CLOCK_BOOTTIME, {29364, 75871993}) = 0
1488273893.647146 read(3, "\243\200\317\274\24\20\305\250&<\2607YA]\302\306\243'\303\236\206\3S\227\36\263\247n\377\31L"..., 8192) = 36
1488273893.647278 clock_gettime(CLOCK_BOOTTIME, {29364, 76523424}) = 0
1488273893.647357 clock_gettime(CLOCK_BOOTTIME, {29364, 76599259}) = 0
1488273893.647433 select(7, [3 4], [5], NULL, NULL) = 1 (out [5])
1488273893.647600 clock_gettime(CLOCK_BOOTTIME, {29364, 76842861}) = 0
1488273893.647737 write(5, "x", 1)      = 1
1488273893.648508 clock_gettime(CLOCK_BOOTTIME, {29364, 77753198}) = 0
1488273893.648594 clock_gettime(CLOCK_BOOTTIME, {29364, 77835694}) = 0
1488273893.648724 select(7, [3 4], [], NULL, NULL) = 1 (in [4])
1488273893.767430 clock_gettime(CLOCK_BOOTTIME, {29364, 196675772}) = 0
1488273893.767514 read(4, "i", 16384)   = 1
1488273893.767629 clock_gettime(CLOCK_BOOTTIME, {29364, 196872228}) = 0
1488273893.767777 clock_gettime(CLOCK_BOOTTIME, {29364, 197021833}) = 0
1488273893.767863 select(7, [3 4], [3], NULL, NULL) = 1 (out [3])
1488273893.768047 clock_gettime(CLOCK_BOOTTIME, {29364, 197307925}) = 0
1488273893.768181 write(3, "\16u\225\26\340K\243\317\20\322\257yi\310\211\360\26;\271\243\204\241\\\356\340\335\23\230\7\270\304\275"..., 36) = 36
1488273893.768916 clock_gettime(CLOCK_BOOTTIME, {29364, 198166476}) = 0
1488273893.769011 clock_gettime(CLOCK_BOOTTIME, {29364, 198252549}) = 0
1488273893.769088 select(7, [3 4], [], NULL, NULL) = 1 (in [4])
1488273893.896368 clock_gettime(CLOCK_BOOTTIME, {29364, 325604751}) = 0
1488273893.896422 read(4, "t", 16384)   = 1
1488273893.896503 clock_gettime(CLOCK_BOOTTIME, {29364, 325737486}) = 0
1488273893.896550 clock_gettime(CLOCK_BOOTTIME, {29364, 325781853}) = 0
1488273893.896594 select(7, [3 4], [3], NULL, NULL) = 1 (out [3])
1488273893.896659 clock_gettime(CLOCK_BOOTTIME, {29364, 325919602}) = 0
1488273893.896756 write(3, "\212\373\340\316\270%\256\373UQ\366\313v\352?\23\16\266\377\244\372b\343T\224\337\207\26P\20jw"..., 36) = 36
1488273893.897083 clock_gettime(CLOCK_BOOTTIME, {29364, 326318005}) = 0
1488273893.897133 clock_gettime(CLOCK_BOOTTIME, {29364, 326364991}) = 0
1488273893.897177 select(7, [3 4], [], NULL, NULL) = 1 (in [3])
1488273893.909252 clock_gettime(CLOCK_BOOTTIME, {29364, 338497836}) = 0
1488273893.909335 read(3, ">1ioG\325j)W\343tO\266r\2\244Q?\266\376\\\316\243\\\372\237_\245\273/\332/"..., 8192) = 36
1488273893.909452 clock_gettime(CLOCK_BOOTTIME, {29364, 338694417}) = 0
1488273893.909526 clock_gettime(CLOCK_BOOTTIME, {29364, 338764960}) = 0
1488273893.909596 select(7, [3 4], [5], NULL, NULL) = 1 (out [5])
1488273893.909766 clock_gettime(CLOCK_BOOTTIME, {29364, 339023325}) = 0
1488273893.909860 write(5, "i", 1)      = 1
1488273893.910789 clock_gettime(CLOCK_BOOTTIME, {29364, 340032710}) = 0
1488273893.910871 clock_gettime(CLOCK_BOOTTIME, {29364, 340111161}) = 0
1488273893.910943 select(7, [3 4], [], NULL, NULL) = 1 (in [3])
1488273893.934635 clock_gettime(CLOCK_BOOTTIME, {29364, 363954961}) = 0
1488273893.935087 read(3, "p\277\"B\247\342\257\nF\330\240\2\245\343\310a%\250\231\227\323U\262#\254\2377\254\326\vc~"..., 8192) = 36
1488273893.935293 clock_gettime(CLOCK_BOOTTIME, {29364, 364552001}) = 0
1488273893.935417 clock_gettime(CLOCK_BOOTTIME, {29364, 364670948}) = 0
1488273893.935536 select(7, [3 4], [5], NULL, NULL) = 1 (out [5])
1488273893.935858 clock_gettime(CLOCK_BOOTTIME, {29364, 365113134}) = 0
1488273893.935951 write(5, "t", 1)      = 1
1488273893.936833 clock_gettime(CLOCK_BOOTTIME, {29364, 366073805}) = 0
1488273893.936906 clock_gettime(CLOCK_BOOTTIME, {29364, 366141485}) = 0
1488273893.936964 select(7, [3 4], [], NULL, NULL) = 1 (in [4])
1488273894.145341 clock_gettime(CLOCK_BOOTTIME, {29364, 574582107}) = 0
1488273894.145407 read(4, "\r", 16384)  = 1
1488273894.145492 clock_gettime(CLOCK_BOOTTIME, {29364, 574730698}) = 0
1488273894.145550 clock_gettime(CLOCK_BOOTTIME, {29364, 574784004}) = 0
1488273894.145606 select(7, [3 4], [3], NULL, NULL) = 1 (out [3])
1488273894.145764 clock_gettime(CLOCK_BOOTTIME, {29364, 574999232}) = 0
1488273894.145821 write(3, ".#\354>&\354 E\210\375\230^Qt\215\330\363 \263 \300\305\30\243\321S\31\357\24\240\323\305"..., 36) = 36
1488273894.146188 clock_gettime(CLOCK_BOOTTIME, {29364, 575426301}) = 0
1488273894.146251 clock_gettime(CLOCK_BOOTTIME, {29364, 575486098}) = 0
1488273894.146307 select(7, [3 4], [], NULL, NULL) = 1 (in [3])
1488273894.636569 clock_gettime(CLOCK_BOOTTIME, {29365, 65804297}) = 0
1488273894.636615 read(3, "=\247\320\257\323\306\331\31\255\266\247e\237\217*Ro\343\313\234A\236\255\262P\347u\245\244\354DD"..., 8192) = 44
1488273894.636679 clock_gettime(CLOCK_BOOTTIME, {29365, 65909928}) = 0
1488273894.636746 clock_gettime(CLOCK_BOOTTIME, {29365, 65982181}) = 0
1488273894.636790 select(7, [3 4], [5], NULL, NULL) = 1 (out [5])
1488273894.636844 clock_gettime(CLOCK_BOOTTIME, {29365, 66073515}) = 0
1488273894.636877 write(5, "\r\nlogout\r\n", 10) = 10
1488273894.637304 clock_gettime(CLOCK_BOOTTIME, {29365, 66538762}) = 0
1488273894.637350 clock_gettime(CLOCK_BOOTTIME, {29365, 66579988}) = 0
1488273894.637385 select(7, [3 4], [], NULL, NULL) = 1 (in [3])
1488273894.929549 clock_gettime(CLOCK_BOOTTIME, {29365, 358798177}) = 0
1488273894.929642 read(3, "\317Y7Pm'\272\313\312\357\1\257Q=\202\34\252Ng%\260\255ZKOw\0eoWC9"..., 8192) = 176
1488273894.929850 close(5)              = 0
1488273894.929943 close(4)              = 0
1488273894.930021 clock_gettime(CLOCK_BOOTTIME, {29365, 359264313}) = 0
1488273894.930101 clock_gettime(CLOCK_BOOTTIME, {29365, 359342628}) = 0
1488273894.930177 ioctl(0, TCGETS, {B38400 -opost -isig -icanon -echo ...}) = 0
1488273894.930289 ioctl(0, SNDCTL_TMR_STOP or TCSETSW, {B38400 opost isig icanon echo ...}) = 0
1488273894.930372 ioctl(0, TCGETS, {B38400 opost isig icanon echo ...}) = 0
1488273894.930489 close(6)              = 0
1488273894.930565 select(7, [3], [3], NULL, NULL) = 1 (out [3])
1488273894.930687 clock_gettime(CLOCK_BOOTTIME, {29365, 359994010}) = 0
1488273894.930842 write(3, "8<\261\357euQp \313G\351\250\313\212\327\313\252\350\26\327Y.\331\314\300\337\343\301\320\261\260"..., 36) = 36
1488273894.931417 rt_sigaction(SIGWINCH, NULL, {0x55dbc76b6670, [], SA_RESTORER, 0x7f73f82d64b0}, 8) = 0
1488273894.931620 rt_sigaction(SIGWINCH, {SIG_DFL, [], SA_RESTORER, 0x7f73f82d64b0}, NULL, 8) = 0
1488273894.931783 write(3, "\205\225\310\\Prb\204Ly\347\330\377\7)\313{\314U\336\247tlb_\341&\257\244&*\v"..., 60) = 60
1488273894.932250 ioctl(0, TCGETS, {B38400 opost isig icanon echo ...}) = 0
1488273894.932341 ioctl(1, TCGETS, {B38400 opost isig icanon echo ...}) = 0
1488273894.932419 ioctl(2, TCGETS, {B38400 opost isig icanon echo ...}) = 0
1488273894.932504 write(2, "Connection to 192.168.14.40 clos"..., 37) = 37
1488273894.934018 shutdown(3, SHUT_RDWR) = 0
1488273894.934556 close(3)              = 0
1488273894.934883 exit_group(0)         = ?
1488273894.938087 +++ exited with 0 +++
